2021-07-22 12:02:06.963	[34mINFO[0m	app/app.go:48	server start	{"name": "cloud_callback"}
2021-07-22 12:12:16.053	[34mINFO[0m	app/app.go:48	server start	{"name": "cloud_callback"}
2021-07-22 12:13:40.800	[34mINFO[0m	app/app.go:48	server start	{"name": "cloud_callback"}
2021-07-22 12:18:39.236	[34mINFO[0m	app/app.go:48	server start	{"name": "cloud_callback"}
2021-07-22 14:10:26.042	[34mINFO[0m	app/app.go:48	server start	{"name": "cloud_callback"}
2021-07-22 14:12:50.585	[34mINFO[0m	app/app.go:48	server start	{"name": "cloud_callback"}
2021-07-22 17:02:40.016	[34mINFO[0m	app/app.go:48	server start	{"name": "cloud_callback"}
2021-07-22 17:11:37.553	[34mINFO[0m	app/app.go:48	server start	{"name": "cloud_callback"}
2021-07-22 17:20:21.743	[34mINFO[0m	app/app.go:48	server start	{"name": "cloud_callback"}
2021-07-22 17:28:28.805	[34mINFO[0m	app/app.go:48	server start	{"name": "cloud_callback"}
2021-07-22 17:31:52.496	[34mINFO[0m	app/app.go:48	server start	{"name": "cloud_callback"}
2021-07-22 19:30:16.391	[34mINFO[0m	app/app.go:48	server start	{"name": "cloud_callback"}
2021-07-22 23:08:33.538	[31mERROR[0m	data/data.go:25	initDB-->Open	{"dns": "root:root1234@tcp(127.0.0.1)/db_ex_user?charset=utf8&parseTime=true", "error": "dial tcp 127.0.0.1:3306: connect: connection refused"}
2021-07-22 23:09:44.859	[31mERROR[0m	data/data.go:25	initDB-->Open	{"dns": "root:root1234@tcp(127.0.0.1)/db_ex_user?charset=utf8&parseTime=true", "error": "dial tcp 127.0.0.1:3306: connect: connection refused"}
2021-07-22 23:12:18.917	[31mERROR[0m	data/data.go:25	initDB-->Open	{"dns": "root:root1234@tcp(127.0.0.1)/db_ex_user?charset=utf8&parseTime=true", "error": "dial tcp 127.0.0.1:3306: connect: connection refused"}
2021-07-22 23:14:19.741	[31mERROR[0m	data/data.go:25	initDB-->Open	{"dns": "root:root1234@tcp(127.0.0.1)/db_ex_user?charset=utf8&parseTime=true", "error": "dial tcp 127.0.0.1:3306: connect: connection refused"}
2021-07-22 23:19:23.149	[31mERROR[0m	data/data.go:25	initDB-->Open	{"dns": "root:root1234@tcp(127.0.0.1)/db_ex_user?charset=utf8&parseTime=true", "error": "dial tcp 127.0.0.1:3306: connect: connection refused"}
2021-07-22 23:20:51.373	[34mINFO[0m	app/app.go:48	server start	{"name": "cloud_callback"}
2021-07-23 00:26:49.835	[31mERROR[0m	data/data.go:25	initDB-->Open	{"dns": "root:root1234@tcp(127.0.0.1)/db_ex_user?charset=utf8&parseTime=true", "error": "dial tcp 127.0.0.1:3306: connect: connection refused"}
2021-07-23 00:46:23.676	[31mERROR[0m	data/data.go:25	initDB-->Open	{"dns": "root:root1234@tcp(127.0.0.1)/db_ex_user?charset=utf8&parseTime=true", "error": "dial tcp 127.0.0.1:3306: connect: connection refused"}
2021-07-23 00:46:57.683	[34mINFO[0m	app/app.go:48	server start	{"name": "cloud_callback"}
2021-07-23 01:15:02.813	[34mINFO[0m	app/app.go:48	server start	{"name": "cloud_callback"}
2021-07-23 01:20:55.356	[31mERROR[0m	callback/api_router.go:50	QueryCallbackInfoList-->QueryInfoList	{"error": "sql: no rows in result set"}
2021-07-23 01:20:55.356	[34mINFO[0m	runtime/asm_amd64.s:1371	errorC:/Env/GoPath/src/cloud_call_back/internal/data/callback_info.go:35sql: no rows in result set
2021-07-23 01:23:31.157	[34mINFO[0m	app/app.go:48	server start	{"name": "cloud_callback"}
2021-07-23 01:23:51.161	[31mERROR[0m	callback/api_router.go:50	QueryCallbackInfoList-->QueryInfoList	{"error": "sql: no rows in result set"}
2021-07-23 01:23:51.161	[34mINFO[0m	runtime/asm_amd64.s:1371	errorC:/Env/GoPath/src/cloud_call_back/internal/data/callback_info.go:35sql: no rows in result set
2021-07-23 01:24:05.033	[31mERROR[0m	callback/api_router.go:50	QueryCallbackInfoList-->QueryInfoList	{"error": "sql: no rows in result set"}
2021-07-23 01:24:05.033	[34mINFO[0m	runtime/asm_amd64.s:1371	errorC:/Env/GoPath/src/cloud_call_back/internal/data/callback_info.go:35sql: no rows in result set
2021-07-23 01:25:39.280	[34mINFO[0m	runtime/asm_amd64.s:1371	errorC:/Env/GoPath/src/cloud_call_back/internal/data/callback_info.go:35sql: no rows in result set
2021-07-23 01:25:42.133	[31mERROR[0m	callback/api_router.go:50	QueryCallbackInfoList-->QueryInfoList	{"error": "sql: no rows in result set"}
2021-07-23 01:29:08.627	[34mINFO[0m	app/app.go:48	server start	{"name": "cloud_callback"}
2021-07-23 01:29:20.853	[31mERROR[0m	callback/api_router.go:50	QueryCallbackInfoList-->QueryInfoList	{"error": "sql: no rows in result set"}
2021-07-23 01:29:20.853	[34mINFO[0m	runtime/asm_amd64.s:1371	errorC:/Env/GoPath/src/cloud_call_back/internal/data/callback_info.go:35sql: no rows in result set
2021-07-23 10:04:24.611	[34mINFO[0m	app/app.go:48	server start	{"name": "cloud_callback"}
2021-07-23 10:05:23.488	[34mINFO[0m	app/app.go:48	server start	{"name": "cloud_callback"}
2021-07-23 10:05:42.043	[31mERROR[0m	callback/api_router.go:84	QueryCallbackLogList-->QueryLogList	{"error": "Error 1146: Table 'db_ex_user.callback_log' doesn't exist"}
2021-07-23 10:05:42.043	[34mINFO[0m	runtime/asm_amd64.s:1371	errorC:/Env/GoPath/src/cloud_call_back/internal/data/callback_log.go:34Error 1146: Table 'db_ex_user.callback_log' doesn't exist
2021-07-23 10:15:38.651	[31mERROR[0m	callback/api_router.go:84	QueryCallbackLogList-->QueryLogList	{"error": "Error 1054: Unknown column 'callback_log.deleted_at' in 'where clause'"}
2021-07-23 10:15:38.651	[34mINFO[0m	runtime/asm_amd64.s:1371	errorC:/Env/GoPath/src/cloud_call_back/internal/data/callback_log.go:34Error 1054: Unknown column 'callback_log.deleted_at' in 'where clause'
2021-07-23 10:20:39.660	[31mERROR[0m	callback/api_router.go:84	QueryCallbackLogList-->QueryLogList	{"error": "sql: no rows in result set"}
2021-07-23 10:20:39.660	[34mINFO[0m	runtime/asm_amd64.s:1371	errorC:/Env/GoPath/src/cloud_call_back/internal/data/callback_log.go:34sql: no rows in result set
2021-07-23 10:25:48.808	[34mINFO[0m	app/app.go:48	server start	{"name": "cloud_callback"}
2021-07-23 10:30:12.503	[31mERROR[0m	callback/api_router.go:84	QueryCallbackLogList-->QueryLogList	{"error": "sql: no rows in result set"}
2021-07-23 10:30:12.503	[34mINFO[0m	runtime/asm_amd64.s:1371	errorC:/Env/GoPath/src/cloud_call_back/internal/data/callback_log.go:34sql: no rows in result set
2021-07-23 10:32:12.134	[34mINFO[0m	app/app.go:48	server start	{"name": "cloud_callback"}
2021-07-23 10:32:30.160	[34mINFO[0m	gorm@v1.9.16/main.go:884	sqlC:/Env/GoPath/src/cloud_call_back/internal/data/callback_info.go:47731.1µsSELECT count(*) FROM `callback_info`  WHERE `callback_info`.`deleted_at` IS NULL LIMIT 10 OFFSET 0[] 0
2021-07-23 10:32:30.161	[34mINFO[0m	gorm@v1.9.16/main.go:884	sqlC:/Env/GoPath/src/cloud_call_back/internal/data/callback_info.go:47720.8µsSELECT * FROM `callback_info`  WHERE `callback_info`.`deleted_at` IS NULL LIMIT 10 OFFSET 0[] 10
2021-07-23 10:32:37.898	[34mINFO[0m	gorm@v1.9.16/main.go:884	sqlC:/Env/GoPath/src/cloud_call_back/internal/data/callback_info.go:47749.7µsSELECT count(*) FROM `callback_info`  WHERE `callback_info`.`deleted_at` IS NULL LIMIT 10 OFFSET 10[] 0
2021-07-23 10:32:37.899	[34mINFO[0m	gorm@v1.9.16/main.go:878	logC:/Env/GoPath/src/cloud_call_back/internal/data/callback_info.go:47sql: no rows in result set
2021-07-23 10:32:37.899	[34mINFO[0m	gorm@v1.9.16/main.go:884	sqlC:/Env/GoPath/src/cloud_call_back/internal/data/callback_info.go:4785.6µsSELECT * FROM `callback_info`  WHERE `callback_info`.`deleted_at` IS NULL LIMIT 10 OFFSET 10[] 0
2021-07-23 10:32:37.899	[31mERROR[0m	callback/api_router.go:56	QueryCallbackInfoList-->QueryInfoList	{"error": "sql: no rows in result set"}
2021-07-23 10:37:38.407	[34mINFO[0m	gorm@v1.9.16/main.go:884	sqlC:/Env/GoPath/src/cloud_call_back/internal/data/callback_info.go:47461.4µsSELECT count(*) FROM `callback_info`  WHERE `callback_info`.`deleted_at` IS NULL LIMIT 10 OFFSET 0[] 0
2021-07-23 10:37:38.409	[34mINFO[0m	gorm@v1.9.16/main.go:884	sqlC:/Env/GoPath/src/cloud_call_back/internal/data/callback_info.go:47708.9µsSELECT * FROM `callback_info`  WHERE `callback_info`.`deleted_at` IS NULL LIMIT 10 OFFSET 0[] 10
2021-07-23 10:37:41.886	[34mINFO[0m	gorm@v1.9.16/main.go:884	sqlC:/Env/GoPath/src/cloud_call_back/internal/data/callback_log.go:34702.5µsSELECT count(*) FROM `callback_log`  WHERE `callback_log`.`deleted_at` IS NULL LIMIT 10 OFFSET 0[] 0
2021-07-23 10:37:41.887	[34mINFO[0m	gorm@v1.9.16/main.go:884	sqlC:/Env/GoPath/src/cloud_call_back/internal/data/callback_log.go:34736.8µsSELECT * FROM `callback_log`  WHERE `callback_log`.`deleted_at` IS NULL LIMIT 10 OFFSET 0[] 10
2021-07-23 10:39:19.504	[34mINFO[0m	gorm@v1.9.16/main.go:884	sqlC:/Env/GoPath/src/cloud_call_back/internal/data/callback_log.go:34471.2µsSELECT count(*) FROM `callback_log`  WHERE `callback_log`.`deleted_at` IS NULL LIMIT 10 OFFSET 10[] 0
2021-07-23 10:39:19.504	[34mINFO[0m	gorm@v1.9.16/main.go:878	logC:/Env/GoPath/src/cloud_call_back/internal/data/callback_log.go:34sql: no rows in result set
2021-07-23 10:39:19.504	[34mINFO[0m	gorm@v1.9.16/main.go:884	sqlC:/Env/GoPath/src/cloud_call_back/internal/data/callback_log.go:3483µsSELECT * FROM `callback_log`  WHERE `callback_log`.`deleted_at` IS NULL LIMIT 10 OFFSET 10[] 0
2021-07-23 10:39:19.505	[31mERROR[0m	callback/api_router.go:84	QueryCallbackLogList-->QueryLogList	{"error": "sql: no rows in result set"}
2021-07-23 10:40:01.315	[34mINFO[0m	app/app.go:48	server start	{"name": "cloud_callback"}
2021-07-23 10:40:08.807	[34mINFO[0m	gorm@v1.9.16/main.go:884	sqlC:/Env/GoPath/src/cloud_call_back/internal/data/callback_info.go:471.1318msSELECT count(*) FROM `callback_info`  WHERE `callback_info`.`deleted_at` IS NULL LIMIT 10 OFFSET 0[] 0
2021-07-23 10:40:08.808	[34mINFO[0m	gorm@v1.9.16/main.go:884	sqlC:/Env/GoPath/src/cloud_call_back/internal/data/callback_info.go:47780.7µsSELECT * FROM `callback_info`  WHERE `callback_info`.`deleted_at` IS NULL LIMIT 10 OFFSET 0[] 10
2021-07-23 10:40:24.912	[34mINFO[0m	app/app.go:48	server start	{"name": "cloud_callback"}
2021-07-23 10:40:28.399	[34mINFO[0m	gorm@v1.9.16/main.go:884	sqlC:/Env/GoPath/src/cloud_call_back/internal/data/callback_info.go:47760.5µsSELECT count(*) FROM `callback_info`  WHERE `callback_info`.`deleted_at` IS NULL LIMIT 10 OFFSET 0[] 0
2021-07-23 10:40:28.400	[34mINFO[0m	gorm@v1.9.16/main.go:884	sqlC:/Env/GoPath/src/cloud_call_back/internal/data/callback_info.go:47908.9µsSELECT * FROM `callback_info`  WHERE `callback_info`.`deleted_at` IS NULL LIMIT 10 OFFSET 0[] 10
2021-07-23 10:41:51.620	[34mINFO[0m	app/app.go:48	server start	{"name": "cloud_callback"}
2021-07-23 10:41:53.300	[34mINFO[0m	gorm@v1.9.16/main.go:884	sqlC:/Env/GoPath/src/cloud_call_back/internal/data/callback_info.go:47699.6µsSELECT count(*) FROM `callback_info`  WHERE `callback_info`.`deleted_at` IS NULL LIMIT 10[] 0
2021-07-23 10:41:53.301	[34mINFO[0m	gorm@v1.9.16/main.go:884	sqlC:/Env/GoPath/src/cloud_call_back/internal/data/callback_info.go:47692.9µsSELECT * FROM `callback_info`  WHERE `callback_info`.`deleted_at` IS NULL LIMIT 10[] 10
2021-07-23 10:42:52.906	[34mINFO[0m	gorm@v1.9.16/main.go:884	sqlC:/Env/GoPath/src/cloud_call_back/internal/data/callback_info.go:47639.8µsSELECT count(*) FROM `callback_info`  WHERE `callback_info`.`deleted_at` IS NULL LIMIT 10[] 0
2021-07-23 10:42:52.908	[34mINFO[0m	gorm@v1.9.16/main.go:884	sqlC:/Env/GoPath/src/cloud_call_back/internal/data/callback_info.go:47698.4µsSELECT * FROM `callback_info`  WHERE `callback_info`.`deleted_at` IS NULL LIMIT 10[] 10
2021-07-23 10:43:12.597	[34mINFO[0m	app/app.go:48	server start	{"name": "cloud_callback"}
2021-07-23 10:43:21.764	[34mINFO[0m	gorm@v1.9.16/main.go:884	sqlC:/Env/GoPath/src/cloud_call_back/internal/data/callback_info.go:361.0207msINSERT INTO `callback_info` (`created_at`,`updated_at`,`deleted_at`,`callback_id`,`app_id`,`verify_token`,`secret_key`) VALUES (?,?,?,?,?,?,?)[2021-07-23 10:43:21.7636089 +0800 CST m=+9.528098701 2021-07-23 10:43:21.7636089 +0800 CST m=+9.528098701 <nil> efb074ffc542c3d751090429db3ec837 123 456 567] 1
2021-07-23 10:44:06.871	[34mINFO[0m	gorm@v1.9.16/main.go:884	sqlC:/Env/GoPath/src/cloud_call_back/internal/data/callback_info.go:47716.5µsSELECT count(*) FROM `callback_info`  WHERE `callback_info`.`deleted_at` IS NULL LIMIT 10 OFFSET 0[] 0
2021-07-23 10:44:06.872	[34mINFO[0m	gorm@v1.9.16/main.go:884	sqlC:/Env/GoPath/src/cloud_call_back/internal/data/callback_info.go:47971.5µsSELECT * FROM `callback_info`  WHERE `callback_info`.`deleted_at` IS NULL LIMIT 10 OFFSET 0[] 10
2021-07-23 10:45:08.156	[34mINFO[0m	gorm@v1.9.16/main.go:884	sqlC:/Env/GoPath/src/cloud_call_back/internal/data/callback_info.go:47698.9µsSELECT count(*) FROM `callback_info`  WHERE `callback_info`.`deleted_at` IS NULL LIMIT 10 OFFSET 10[] 0
2021-07-23 10:45:08.156	[34mINFO[0m	gorm@v1.9.16/main.go:878	logC:/Env/GoPath/src/cloud_call_back/internal/data/callback_info.go:47sql: no rows in result set
2021-07-23 10:45:08.157	[34mINFO[0m	gorm@v1.9.16/main.go:884	sqlC:/Env/GoPath/src/cloud_call_back/internal/data/callback_info.go:4793.4µsSELECT * FROM `callback_info`  WHERE `callback_info`.`deleted_at` IS NULL LIMIT 10 OFFSET 10[] 0
2021-07-23 10:45:08.157	[31mERROR[0m	callback/api_router.go:56	QueryCallbackInfoList-->QueryInfoList	{"error": "sql: no rows in result set"}
2021-07-23 10:47:31.085	[34mINFO[0m	gorm@v1.9.16/main.go:884	sqlC:/Env/GoPath/src/cloud_call_back/internal/data/callback_info.go:47558.8µsSELECT count(*) FROM `callback_info`  WHERE `callback_info`.`deleted_at` IS NULL LIMIT 10 OFFSET 0[] 0
2021-07-23 10:47:31.086	[34mINFO[0m	gorm@v1.9.16/main.go:884	sqlC:/Env/GoPath/src/cloud_call_back/internal/data/callback_info.go:47770.4µsSELECT * FROM `callback_info`  WHERE `callback_info`.`deleted_at` IS NULL LIMIT 10 OFFSET 0[] 10
2021-07-23 10:47:33.383	[34mINFO[0m	gorm@v1.9.16/main.go:884	sqlC:/Env/GoPath/src/cloud_call_back/internal/data/callback_log.go:34873.4µsSELECT count(*) FROM `callback_log`  WHERE `callback_log`.`deleted_at` IS NULL LIMIT 10 OFFSET 0[] 0
2021-07-23 10:47:33.384	[34mINFO[0m	gorm@v1.9.16/main.go:884	sqlC:/Env/GoPath/src/cloud_call_back/internal/data/callback_log.go:34969.9µsSELECT * FROM `callback_log`  WHERE `callback_log`.`deleted_at` IS NULL LIMIT 10 OFFSET 0[] 10
2021-07-23 10:56:16.713	[34mINFO[0m	app/app.go:48	server start	{"name": "cloud_callback"}
2021-07-23 10:56:25.950	[34mINFO[0m	app/app.go:48	server start	{"name": "cloud_callback"}
2021-07-23 10:56:31.976	[34mINFO[0m	gorm@v1.9.16/main.go:884	sqlC:/Env/GoPath/src/cloud_call_back/internal/data/callback_info.go:47703µsSELECT count(*) FROM `callback_info`  WHERE `callback_info`.`deleted_at` IS NULL LIMIT 10 OFFSET 0[] 0
2021-07-23 10:56:31.978	[34mINFO[0m	gorm@v1.9.16/main.go:884	sqlC:/Env/GoPath/src/cloud_call_back/internal/data/callback_info.go:47725.6µsSELECT * FROM `callback_info`  WHERE `callback_info`.`deleted_at` IS NULL LIMIT 10 OFFSET 0[] 10
2021-07-23 10:56:48.396	[34mINFO[0m	app/app.go:48	server start	{"name": "cloud_callback"}
2021-07-23 10:56:51.395	[34mINFO[0m	gorm@v1.9.16/main.go:884	sqlC:/Env/GoPath/src/cloud_call_back/internal/data/callback_info.go:47664.2µsSELECT count(*) FROM `callback_info`  WHERE `callback_info`.`deleted_at` IS NULL LIMIT 10 OFFSET 0[] 0
2021-07-23 10:56:51.396	[34mINFO[0m	gorm@v1.9.16/main.go:884	sqlC:/Env/GoPath/src/cloud_call_back/internal/data/callback_info.go:47676.2µsSELECT * FROM `callback_info`  WHERE `callback_info`.`deleted_at` IS NULL LIMIT 10 OFFSET 0[] 10
2021-07-23 10:56:53.457	[34mINFO[0m	gorm@v1.9.16/main.go:884	sqlC:/Env/GoPath/src/cloud_call_back/internal/data/callback_log.go:34778.9µsSELECT count(*) FROM `callback_log`  WHERE `callback_log`.`deleted_at` IS NULL LIMIT 10 OFFSET 0[] 0
2021-07-23 10:56:53.458	[34mINFO[0m	gorm@v1.9.16/main.go:884	sqlC:/Env/GoPath/src/cloud_call_back/internal/data/callback_log.go:34945.5µsSELECT * FROM `callback_log`  WHERE `callback_log`.`deleted_at` IS NULL LIMIT 10 OFFSET 0[] 10
2021-07-23 11:01:00.126	[34mINFO[0m	app/app.go:48	server start	{"name": "cloud_callback"}
2021-07-23 11:01:42.908	[34mINFO[0m	gorm@v1.9.16/main.go:884	sqlC:/Env/GoPath/src/cloud_call_back/internal/data/callback_info.go:471.5026msSELECT count(*) FROM `callback_info`  WHERE `callback_info`.`deleted_at` IS NULL LIMIT 10 OFFSET 0[] 0
2021-07-23 11:01:42.909	[34mINFO[0m	gorm@v1.9.16/main.go:884	sqlC:/Env/GoPath/src/cloud_call_back/internal/data/callback_info.go:47625.6µsSELECT * FROM `callback_info`  WHERE `callback_info`.`deleted_at` IS NULL LIMIT 10 OFFSET 0[] 10
2021-07-23 11:02:05.870	[34mINFO[0m	gorm@v1.9.16/main.go:884	sqlC:/Env/GoPath/src/cloud_call_back/internal/data/callback_log.go:37890.8µsSELECT count(*) FROM `callback_log`  WHERE `callback_log`.`deleted_at` IS NULL LIMIT 10 OFFSET 0[] 0
2021-07-23 11:02:05.871	[34mINFO[0m	gorm@v1.9.16/main.go:884	sqlC:/Env/GoPath/src/cloud_call_back/internal/data/callback_log.go:37733.1µsSELECT * FROM `callback_log`  WHERE `callback_log`.`deleted_at` IS NULL LIMIT 10 OFFSET 0[] 10
2021-07-23 11:02:40.088	[34mINFO[0m	gorm@v1.9.16/main.go:884	sqlC:/Env/GoPath/src/cloud_call_back/internal/data/callback_log.go:37542.6µsSELECT count(*) FROM `callback_log`  WHERE `callback_log`.`deleted_at` IS NULL LIMIT 10 OFFSET 0[] 0
2021-07-23 11:02:40.089	[34mINFO[0m	gorm@v1.9.16/main.go:884	sqlC:/Env/GoPath/src/cloud_call_back/internal/data/callback_log.go:37802µsSELECT * FROM `callback_log`  WHERE `callback_log`.`deleted_at` IS NULL LIMIT 10 OFFSET 0[] 10
2021-07-23 11:04:46.793	[34mINFO[0m	gorm@v1.9.16/main.go:884	sqlC:/Env/GoPath/src/cloud_call_back/internal/data/callback_info.go:47546.9µsSELECT count(*) FROM `callback_info`  WHERE `callback_info`.`deleted_at` IS NULL LIMIT 10 OFFSET 0[] 0
2021-07-23 11:04:46.794	[34mINFO[0m	gorm@v1.9.16/main.go:884	sqlC:/Env/GoPath/src/cloud_call_back/internal/data/callback_info.go:47854.9µsSELECT * FROM `callback_info`  WHERE `callback_info`.`deleted_at` IS NULL LIMIT 10 OFFSET 0[] 10
2021-07-23 11:04:54.861	[34mINFO[0m	gorm@v1.9.16/main.go:884	sqlC:/Env/GoPath/src/cloud_call_back/internal/data/callback_log.go:37958.1µsSELECT count(*) FROM `callback_log`  WHERE `callback_log`.`deleted_at` IS NULL LIMIT 10 OFFSET 0[] 0
2021-07-23 11:04:54.862	[34mINFO[0m	gorm@v1.9.16/main.go:884	sqlC:/Env/GoPath/src/cloud_call_back/internal/data/callback_log.go:37787.7µsSELECT * FROM `callback_log`  WHERE `callback_log`.`deleted_at` IS NULL LIMIT 10 OFFSET 0[] 10
2021-07-23 11:08:10.241	[34mINFO[0m	gorm@v1.9.16/main.go:884	sqlC:/Env/GoPath/src/cloud_call_back/internal/data/callback_log.go:37793.6µsSELECT count(*) FROM `callback_log`  WHERE `callback_log`.`deleted_at` IS NULL LIMIT 10 OFFSET 0[] 0
2021-07-23 11:08:10.242	[34mINFO[0m	gorm@v1.9.16/main.go:884	sqlC:/Env/GoPath/src/cloud_call_back/internal/data/callback_log.go:37783.5µsSELECT * FROM `callback_log`  WHERE `callback_log`.`deleted_at` IS NULL LIMIT 10 OFFSET 0[] 10
2021-07-23 11:11:06.274	[34mINFO[0m	gorm@v1.9.16/main.go:884	sqlC:/Env/GoPath/src/cloud_call_back/internal/data/callback_info.go:47482.1µsSELECT count(*) FROM `callback_info`  WHERE `callback_info`.`deleted_at` IS NULL LIMIT 10 OFFSET 0[] 0
2021-07-23 11:11:06.275	[34mINFO[0m	gorm@v1.9.16/main.go:884	sqlC:/Env/GoPath/src/cloud_call_back/internal/data/callback_info.go:47757.7µsSELECT * FROM `callback_info`  WHERE `callback_info`.`deleted_at` IS NULL LIMIT 10 OFFSET 0[] 10
2021-07-23 11:11:08.082	[34mINFO[0m	gorm@v1.9.16/main.go:884	sqlC:/Env/GoPath/src/cloud_call_back/internal/data/callback_log.go:371.0046msSELECT count(*) FROM `callback_log`  WHERE `callback_log`.`deleted_at` IS NULL AND ((id = ?)) LIMIT 10 OFFSET 0[4] 0
2021-07-23 11:11:08.084	[34mINFO[0m	gorm@v1.9.16/main.go:884	sqlC:/Env/GoPath/src/cloud_call_back/internal/data/callback_log.go:371.1532msSELECT * FROM `callback_log`  WHERE `callback_log`.`deleted_at` IS NULL AND ((id = ?)) LIMIT 10 OFFSET 0[4] 1
2021-07-23 11:11:13.843	[34mINFO[0m	gorm@v1.9.16/main.go:884	sqlC:/Env/GoPath/src/cloud_call_back/internal/data/callback_log.go:37955.8µsSELECT count(*) FROM `callback_log`  WHERE `callback_log`.`deleted_at` IS NULL AND ((id = ?)) LIMIT 10 OFFSET 0[1] 0
2021-07-23 11:11:13.845	[34mINFO[0m	gorm@v1.9.16/main.go:884	sqlC:/Env/GoPath/src/cloud_call_back/internal/data/callback_log.go:37929.8µsSELECT * FROM `callback_log`  WHERE `callback_log`.`deleted_at` IS NULL AND ((id = ?)) LIMIT 10 OFFSET 0[1] 1
2021-07-23 11:14:40.935	[34mINFO[0m	app/app.go:48	server start	{"name": "cloud_callback"}
2021-07-23 11:14:44.421	[34mINFO[0m	gorm@v1.9.16/main.go:884	sqlC:/Env/GoPath/src/cloud_call_back/internal/data/callback_info.go:47622.7µsSELECT count(*) FROM `callback_info`  WHERE `callback_info`.`deleted_at` IS NULL LIMIT 10 OFFSET 0[] 0
2021-07-23 11:14:44.422	[34mINFO[0m	gorm@v1.9.16/main.go:884	sqlC:/Env/GoPath/src/cloud_call_back/internal/data/callback_info.go:47739.2µsSELECT * FROM `callback_info`  WHERE `callback_info`.`deleted_at` IS NULL LIMIT 10 OFFSET 0[] 10
2021-07-23 11:14:48.953	[34mINFO[0m	gorm@v1.9.16/main.go:884	sqlC:/Env/GoPath/src/cloud_call_back/internal/data/callback_log.go:371.1177msSELECT count(*) FROM `callback_log`  WHERE `callback_log`.`deleted_at` IS NULL AND ((callback_id = ?)) LIMIT 10 OFFSET 0[c28fe4e1275bd72a135aa9568c1cf536] 0
2021-07-23 11:14:48.955	[34mINFO[0m	gorm@v1.9.16/main.go:884	sqlC:/Env/GoPath/src/cloud_call_back/internal/data/callback_log.go:37917.9µsSELECT * FROM `callback_log`  WHERE `callback_log`.`deleted_at` IS NULL AND ((callback_id = ?)) LIMIT 10 OFFSET 0[c28fe4e1275bd72a135aa9568c1cf536] 0
2021-07-23 11:14:51.341	[34mINFO[0m	gorm@v1.9.16/main.go:884	sqlC:/Env/GoPath/src/cloud_call_back/internal/data/callback_log.go:37770.1µsSELECT count(*) FROM `callback_log`  WHERE `callback_log`.`deleted_at` IS NULL AND ((callback_id = ?)) LIMIT 10 OFFSET 0[xxxxxxxxxxx] 0
2021-07-23 11:14:51.342	[34mINFO[0m	gorm@v1.9.16/main.go:884	sqlC:/Env/GoPath/src/cloud_call_back/internal/data/callback_log.go:37979.5µsSELECT * FROM `callback_log`  WHERE `callback_log`.`deleted_at` IS NULL AND ((callback_id = ?)) LIMIT 10 OFFSET 0[xxxxxxxxxxx] 10
2021-07-23 11:15:01.917	[34mINFO[0m	gorm@v1.9.16/main.go:884	sqlC:/Env/GoPath/src/cloud_call_back/internal/data/callback_log.go:37955.1µsSELECT count(*) FROM `callback_log`  WHERE `callback_log`.`deleted_at` IS NULL AND ((callback_id = ?)) LIMIT 10 OFFSET 0[a1c7a3763c9381f30460d7bbb147f118] 0
2021-07-23 11:15:01.919	[34mINFO[0m	gorm@v1.9.16/main.go:884	sqlC:/Env/GoPath/src/cloud_call_back/internal/data/callback_log.go:37846.3µsSELECT * FROM `callback_log`  WHERE `callback_log`.`deleted_at` IS NULL AND ((callback_id = ?)) LIMIT 10 OFFSET 0[a1c7a3763c9381f30460d7bbb147f118] 2
2021-07-23 11:15:07.550	[34mINFO[0m	gorm@v1.9.16/main.go:884	sqlC:/Env/GoPath/src/cloud_call_back/internal/data/callback_log.go:37918.5µsSELECT count(*) FROM `callback_log`  WHERE `callback_log`.`deleted_at` IS NULL AND ((callback_id = ?)) LIMIT 10 OFFSET 0[5d7df5635c7f9ea6554bd670d6d1d9b7] 0
2021-07-23 11:15:07.552	[34mINFO[0m	gorm@v1.9.16/main.go:884	sqlC:/Env/GoPath/src/cloud_call_back/internal/data/callback_log.go:37610.1µsSELECT * FROM `callback_log`  WHERE `callback_log`.`deleted_at` IS NULL AND ((callback_id = ?)) LIMIT 10 OFFSET 0[5d7df5635c7f9ea6554bd670d6d1d9b7] 1
2021-07-23 11:15:16.398	[34mINFO[0m	gorm@v1.9.16/main.go:884	sqlC:/Env/GoPath/src/cloud_call_back/internal/data/callback_log.go:37944.4µsSELECT count(*) FROM `callback_log`  WHERE `callback_log`.`deleted_at` IS NULL AND ((callback_id = ?)) LIMIT 10 OFFSET 0[2f221a18eb86380369570b2ed147d8b4] 0
2021-07-23 11:15:16.399	[34mINFO[0m	gorm@v1.9.16/main.go:884	sqlC:/Env/GoPath/src/cloud_call_back/internal/data/callback_log.go:37700.8µsSELECT * FROM `callback_log`  WHERE `callback_log`.`deleted_at` IS NULL AND ((callback_id = ?)) LIMIT 10 OFFSET 0[2f221a18eb86380369570b2ed147d8b4] 0
2021-07-23 11:15:41.610	[34mINFO[0m	gorm@v1.9.16/main.go:884	sqlC:/Env/GoPath/src/cloud_call_back/internal/data/callback_info.go:47648.9µsSELECT count(*) FROM `callback_info`  WHERE `callback_info`.`deleted_at` IS NULL LIMIT 10 OFFSET 10[] 0
2021-07-23 11:15:41.611	[34mINFO[0m	gorm@v1.9.16/main.go:878	logC:/Env/GoPath/src/cloud_call_back/internal/data/callback_info.go:47sql: no rows in result set
2021-07-23 11:15:41.611	[34mINFO[0m	gorm@v1.9.16/main.go:884	sqlC:/Env/GoPath/src/cloud_call_back/internal/data/callback_info.go:47105.2µsSELECT * FROM `callback_info`  WHERE `callback_info`.`deleted_at` IS NULL LIMIT 10 OFFSET 10[] 0
2021-07-23 11:15:41.612	[31mERROR[0m	callback/api_router.go:56	QueryCallbackInfoList-->QueryInfoList	{"error": "sql: no rows in result set"}
2021-07-23 11:19:47.532	[34mINFO[0m	app/app.go:48	server start	{"name": "cloud_callback"}
2021-07-23 11:19:59.028	[34mINFO[0m	gorm@v1.9.16/main.go:884	sqlC:/Env/GoPath/src/cloud_call_back/internal/data/callback_info.go:44618.1µsSELECT count(*) FROM `callback_info`  WHERE `callback_info`.`deleted_at` IS NULL[] 0
2021-07-23 11:19:59.029	[34mINFO[0m	gorm@v1.9.16/main.go:884	sqlC:/Env/GoPath/src/cloud_call_back/internal/data/callback_info.go:51703.6µsSELECT * FROM `callback_info`  WHERE `callback_info`.`deleted_at` IS NULL LIMIT 10 OFFSET 0[] 10
2021-07-23 11:20:04.226	[34mINFO[0m	gorm@v1.9.16/main.go:884	sqlC:/Env/GoPath/src/cloud_call_back/internal/data/callback_info.go:44695.6µsSELECT count(*) FROM `callback_info`  WHERE `callback_info`.`deleted_at` IS NULL[] 0
2021-07-23 11:20:04.228	[34mINFO[0m	gorm@v1.9.16/main.go:884	sqlC:/Env/GoPath/src/cloud_call_back/internal/data/callback_info.go:51844.5µsSELECT * FROM `callback_info`  WHERE `callback_info`.`deleted_at` IS NULL LIMIT 10 OFFSET 10[] 3
2021-07-23 11:20:07.778	[34mINFO[0m	gorm@v1.9.16/main.go:884	sqlC:/Env/GoPath/src/cloud_call_back/internal/data/callback_info.go:44684.2µsSELECT count(*) FROM `callback_info`  WHERE `callback_info`.`deleted_at` IS NULL[] 0
2021-07-23 11:20:07.780	[34mINFO[0m	gorm@v1.9.16/main.go:884	sqlC:/Env/GoPath/src/cloud_call_back/internal/data/callback_info.go:51906.1µsSELECT * FROM `callback_info`  WHERE `callback_info`.`deleted_at` IS NULL LIMIT 10 OFFSET 0[] 10
2021-07-23 11:20:11.784	[34mINFO[0m	gorm@v1.9.16/main.go:884	sqlC:/Env/GoPath/src/cloud_call_back/internal/data/callback_log.go:341.1547msSELECT count(*) FROM `callback_log`  WHERE `callback_log`.`deleted_at` IS NULL AND ((callback_id = ?))[c84589c51884ee946094b91621888858] 0
2021-07-23 11:20:11.786	[34mINFO[0m	gorm@v1.9.16/main.go:884	sqlC:/Env/GoPath/src/cloud_call_back/internal/data/callback_log.go:411.1666msSELECT count(*) FROM `callback_log`  WHERE `callback_log`.`deleted_at` IS NULL AND ((callback_id = ?)) LIMIT 10 OFFSET 0[c84589c51884ee946094b91621888858] 0
2021-07-23 11:20:11.788	[34mINFO[0m	gorm@v1.9.16/main.go:884	sqlC:/Env/GoPath/src/cloud_call_back/internal/data/callback_log.go:41886.5µsSELECT * FROM `callback_log`  WHERE `callback_log`.`deleted_at` IS NULL AND ((callback_id = ?)) LIMIT 10 OFFSET 0[c84589c51884ee946094b91621888858] 1
2021-07-23 11:20:14.831	[34mINFO[0m	gorm@v1.9.16/main.go:884	sqlC:/Env/GoPath/src/cloud_call_back/internal/data/callback_log.go:341.0029msSELECT count(*) FROM `callback_log`  WHERE `callback_log`.`deleted_at` IS NULL AND ((callback_id = ?))[xxxxxxxxxxx] 0
2021-07-23 11:20:14.832	[34mINFO[0m	gorm@v1.9.16/main.go:884	sqlC:/Env/GoPath/src/cloud_call_back/internal/data/callback_log.go:41684.6µsSELECT count(*) FROM `callback_log`  WHERE `callback_log`.`deleted_at` IS NULL AND ((callback_id = ?)) LIMIT 10 OFFSET 0[xxxxxxxxxxx] 0
2021-07-23 11:20:14.833	[34mINFO[0m	gorm@v1.9.16/main.go:884	sqlC:/Env/GoPath/src/cloud_call_back/internal/data/callback_log.go:411.0185msSELECT * FROM `callback_log`  WHERE `callback_log`.`deleted_at` IS NULL AND ((callback_id = ?)) LIMIT 10 OFFSET 0[xxxxxxxxxxx] 10
2021-07-23 11:24:54.475	[34mINFO[0m	app/app.go:48	server start	{"name": "cloud_callback"}
2021-07-23 11:25:00.462	[34mINFO[0m	gorm@v1.9.16/main.go:884	sqlC:/Env/GoPath/src/cloud_call_back/internal/data/callback_info.go:44622µsSELECT count(*) FROM `callback_info`  WHERE `callback_info`.`deleted_at` IS NULL[] 0
2021-07-23 11:25:00.463	[34mINFO[0m	gorm@v1.9.16/main.go:884	sqlC:/Env/GoPath/src/cloud_call_back/internal/data/callback_info.go:51662.7µsSELECT * FROM `callback_info`  WHERE `callback_info`.`deleted_at` IS NULL LIMIT 10 OFFSET 0[] 10
2021-07-23 11:26:02.420	[34mINFO[0m	gorm@v1.9.16/main.go:884	sqlC:/Env/GoPath/src/cloud_call_back/internal/data/callback_info.go:44499.3µsSELECT count(*) FROM `callback_info`  WHERE `callback_info`.`deleted_at` IS NULL[] 0
2021-07-23 11:26:02.422	[34mINFO[0m	gorm@v1.9.16/main.go:884	sqlC:/Env/GoPath/src/cloud_call_back/internal/data/callback_info.go:51717.5µsSELECT * FROM `callback_info`  WHERE `callback_info`.`deleted_at` IS NULL LIMIT 10 OFFSET 0[] 10
2021-07-23 11:26:05.432	[34mINFO[0m	gorm@v1.9.16/main.go:884	sqlC:/Env/GoPath/src/cloud_call_back/internal/data/callback_info.go:24580.6µsUPDATE `callback_info` SET `deleted_at`=?  WHERE `callback_info`.`deleted_at` IS NULL AND ((`callback_info`.`id` = 0))[2021-07-23 11:26:05.4322062 +0800 CST m=+71.297537801] 0
2021-07-23 11:33:00.767	[34mINFO[0m	app/app.go:48	server start	{"name": "cloud_callback"}
2021-07-23 11:33:36.033	[34mINFO[0m	gorm@v1.9.16/main.go:884	sqlC:/Env/GoPath/src/cloud_call_back/internal/data/callback_info.go:44698.6µsSELECT count(*) FROM `callback_info`  WHERE `callback_info`.`deleted_at` IS NULL[] 0
2021-07-23 11:33:36.034	[34mINFO[0m	gorm@v1.9.16/main.go:884	sqlC:/Env/GoPath/src/cloud_call_back/internal/data/callback_info.go:51911.9µsSELECT * FROM `callback_info`  WHERE `callback_info`.`deleted_at` IS NULL LIMIT 10 OFFSET 0[] 10
2021-07-23 11:33:41.056	[34mINFO[0m	gorm@v1.9.16/main.go:884	sqlC:/Env/GoPath/src/cloud_call_back/internal/data/callback_info.go:24593.2µsUPDATE `callback_info` SET `deleted_at`=?  WHERE `callback_info`.`deleted_at` IS NULL AND ((`callback_info`.`id` = 0))[2021-07-23 11:33:41.0554023 +0800 CST m=+40.645051501] 0
2021-07-23 11:35:48.501	[34mINFO[0m	app/app.go:48	server start	{"name": "cloud_callback"}
2021-07-23 11:35:53.227	[34mINFO[0m	gorm@v1.9.16/main.go:884	sqlC:/Env/GoPath/src/cloud_call_back/internal/data/callback_info.go:24739.6µsUPDATE `callback_info` SET `deleted_at`=?  WHERE `callback_info`.`deleted_at` IS NULL AND ((`callback_info`.`id` = 0))[2021-07-23 11:35:53.2262649 +0800 CST m=+5.069117201] 0
2021-07-23 11:36:13.445	[34mINFO[0m	gorm@v1.9.16/main.go:884	sqlC:/Env/GoPath/src/cloud_call_back/internal/data/callback_info.go:24639.7µsUPDATE `callback_info` SET `deleted_at`=?  WHERE `callback_info`.`deleted_at` IS NULL AND ((`callback_info`.`id` = 0))[2021-07-23 11:36:13.4444654 +0800 CST m=+25.287317701] 0
2021-07-23 11:37:17.976	[34mINFO[0m	gorm@v1.9.16/main.go:884	sqlC:/Env/GoPath/src/cloud_call_back/internal/data/callback_info.go:24696µsUPDATE `callback_info` SET `deleted_at`=?  WHERE `callback_info`.`deleted_at` IS NULL AND ((`callback_info`.`id` = 0))[2021-07-23 11:37:17.9758331 +0800 CST m=+89.818685501] 0
2021-07-23 11:38:04.047	[34mINFO[0m	gorm@v1.9.16/main.go:884	sqlC:/Env/GoPath/src/cloud_call_back/internal/data/callback_info.go:44653.1µsSELECT count(*) FROM `callback_info`  WHERE `callback_info`.`deleted_at` IS NULL[] 0
2021-07-23 11:38:04.048	[34mINFO[0m	gorm@v1.9.16/main.go:884	sqlC:/Env/GoPath/src/cloud_call_back/internal/data/callback_info.go:51847.7µsSELECT * FROM `callback_info`  WHERE `callback_info`.`deleted_at` IS NULL LIMIT 10 OFFSET 0[] 10
2021-07-23 11:38:06.352	[34mINFO[0m	gorm@v1.9.16/main.go:884	sqlC:/Env/GoPath/src/cloud_call_back/internal/data/callback_info.go:24533.2µsUPDATE `callback_info` SET `deleted_at`=?  WHERE `callback_info`.`deleted_at` IS NULL AND ((`callback_info`.`id` = 0))[2021-07-23 11:38:06.352259 +0800 CST m=+138.195111301] 0
2021-07-23 11:41:58.217	[34mINFO[0m	gorm@v1.9.16/main.go:884	sqlC:/Env/GoPath/src/cloud_call_back/internal/data/callback_info.go:44591.5µsSELECT count(*) FROM `callback_info`  WHERE `callback_info`.`deleted_at` IS NULL[] 0
2021-07-23 11:41:58.218	[34mINFO[0m	gorm@v1.9.16/main.go:884	sqlC:/Env/GoPath/src/cloud_call_back/internal/data/callback_info.go:51676.8µsSELECT * FROM `callback_info`  WHERE `callback_info`.`deleted_at` IS NULL LIMIT 10 OFFSET 0[] 10
2021-07-23 11:42:01.504	[34mINFO[0m	gorm@v1.9.16/main.go:884	sqlC:/Env/GoPath/src/cloud_call_back/internal/data/callback_info.go:24612.6µsUPDATE `callback_info` SET `deleted_at`=?  WHERE `callback_info`.`deleted_at` IS NULL AND ((`callback_info`.`id` = 0))[2021-07-23 11:42:01.5040513 +0800 CST m=+373.346903601] 0
2021-07-23 11:42:22.780	[34mINFO[0m	gorm@v1.9.16/main.go:884	sqlC:/Env/GoPath/src/cloud_call_back/internal/data/callback_info.go:44771.2µsSELECT count(*) FROM `callback_info`  WHERE `callback_info`.`deleted_at` IS NULL[] 0
2021-07-23 11:42:22.782	[34mINFO[0m	gorm@v1.9.16/main.go:884	sqlC:/Env/GoPath/src/cloud_call_back/internal/data/callback_info.go:511.108msSELECT * FROM `callback_info`  WHERE `callback_info`.`deleted_at` IS NULL LIMIT 10 OFFSET 0[] 10
2021-07-23 11:42:32.674	[34mINFO[0m	gorm@v1.9.16/main.go:884	sqlC:/Env/GoPath/src/cloud_call_back/internal/data/callback_info.go:24801.4µsUPDATE `callback_info` SET `deleted_at`=?  WHERE `callback_info`.`deleted_at` IS NULL AND ((`callback_info`.`id` = 0))[2021-07-23 11:42:32.6733424 +0800 CST m=+404.516194701] 0
2021-07-23 11:43:08.355	[34mINFO[0m	gorm@v1.9.16/main.go:884	sqlC:/Env/GoPath/src/cloud_call_back/internal/data/callback_info.go:44615.7µsSELECT count(*) FROM `callback_info`  WHERE `callback_info`.`deleted_at` IS NULL[] 0
2021-07-23 11:43:08.356	[34mINFO[0m	gorm@v1.9.16/main.go:884	sqlC:/Env/GoPath/src/cloud_call_back/internal/data/callback_info.go:51722.4µsSELECT * FROM `callback_info`  WHERE `callback_info`.`deleted_at` IS NULL LIMIT 10 OFFSET 0[] 10
2021-07-23 11:43:09.227	[34mINFO[0m	gorm@v1.9.16/main.go:884	sqlC:/Env/GoPath/src/cloud_call_back/internal/data/callback_info.go:44631.3µsSELECT count(*) FROM `callback_info`  WHERE `callback_info`.`deleted_at` IS NULL[] 0
2021-07-23 11:43:09.229	[34mINFO[0m	gorm@v1.9.16/main.go:884	sqlC:/Env/GoPath/src/cloud_call_back/internal/data/callback_info.go:51837.5µsSELECT * FROM `callback_info`  WHERE `callback_info`.`deleted_at` IS NULL LIMIT 10 OFFSET 0[] 10
2021-07-23 11:43:11.635	[34mINFO[0m	gorm@v1.9.16/main.go:884	sqlC:/Env/GoPath/src/cloud_call_back/internal/data/callback_info.go:241.0263msUPDATE `callback_info` SET `deleted_at`=?  WHERE `callback_info`.`deleted_at` IS NULL AND ((`callback_info`.`id` = 5))[2021-07-23 11:43:11.6343106 +0800 CST m=+443.477162901] 1
2021-07-23 11:43:17.889	[34mINFO[0m	gorm@v1.9.16/main.go:884	sqlC:/Env/GoPath/src/cloud_call_back/internal/data/callback_info.go:44533.5µsSELECT count(*) FROM `callback_info`  WHERE `callback_info`.`deleted_at` IS NULL[] 0
2021-07-23 11:43:17.890	[34mINFO[0m	gorm@v1.9.16/main.go:884	sqlC:/Env/GoPath/src/cloud_call_back/internal/data/callback_info.go:51849.4µsSELECT * FROM `callback_info`  WHERE `callback_info`.`deleted_at` IS NULL LIMIT 10 OFFSET 0[] 10
2021-07-23 11:43:38.406	[34mINFO[0m	gorm@v1.9.16/main.go:884	sqlC:/Env/GoPath/src/cloud_call_back/internal/data/callback_info.go:44623.6µsSELECT count(*) FROM `callback_info`  WHERE `callback_info`.`deleted_at` IS NULL[] 0
2021-07-23 11:43:38.407	[34mINFO[0m	gorm@v1.9.16/main.go:884	sqlC:/Env/GoPath/src/cloud_call_back/internal/data/callback_info.go:51760.4µsSELECT * FROM `callback_info`  WHERE `callback_info`.`deleted_at` IS NULL LIMIT 10 OFFSET 10[] 2
2021-07-23 11:43:40.235	[34mINFO[0m	gorm@v1.9.16/main.go:884	sqlC:/Env/GoPath/src/cloud_call_back/internal/data/callback_info.go:44587.3µsSELECT count(*) FROM `callback_info`  WHERE `callback_info`.`deleted_at` IS NULL[] 0
2021-07-23 11:43:40.236	[34mINFO[0m	gorm@v1.9.16/main.go:884	sqlC:/Env/GoPath/src/cloud_call_back/internal/data/callback_info.go:51900.4µsSELECT * FROM `callback_info`  WHERE `callback_info`.`deleted_at` IS NULL LIMIT 10 OFFSET 0[] 10
2021-07-23 11:44:46.842	[34mINFO[0m	gorm@v1.9.16/main.go:884	sqlC:/Env/GoPath/src/cloud_call_back/internal/data/callback_log.go:34687.8µsSELECT count(*) FROM `callback_log`  WHERE `callback_log`.`deleted_at` IS NULL AND ((callback_id = ?))[c009660626a038c50a3f52dbb81266a3] 0
2021-07-23 11:44:46.843	[34mINFO[0m	gorm@v1.9.16/main.go:884	sqlC:/Env/GoPath/src/cloud_call_back/internal/data/callback_log.go:41622µsSELECT count(*) FROM `callback_log`  WHERE `callback_log`.`deleted_at` IS NULL AND ((callback_id = ?)) LIMIT 10 OFFSET 0[c009660626a038c50a3f52dbb81266a3] 0
2021-07-23 11:44:46.844	[34mINFO[0m	gorm@v1.9.16/main.go:884	sqlC:/Env/GoPath/src/cloud_call_back/internal/data/callback_log.go:41835.7µsSELECT * FROM `callback_log`  WHERE `callback_log`.`deleted_at` IS NULL AND ((callback_id = ?)) LIMIT 10 OFFSET 0[c009660626a038c50a3f52dbb81266a3] 0
2021-07-23 11:44:49.667	[34mINFO[0m	gorm@v1.9.16/main.go:884	sqlC:/Env/GoPath/src/cloud_call_back/internal/data/callback_log.go:34912.1µsSELECT count(*) FROM `callback_log`  WHERE `callback_log`.`deleted_at` IS NULL AND ((callback_id = ?))[xxxxxxxxxxx] 0
2021-07-23 11:44:49.668	[34mINFO[0m	gorm@v1.9.16/main.go:884	sqlC:/Env/GoPath/src/cloud_call_back/internal/data/callback_log.go:41593.4µsSELECT count(*) FROM `callback_log`  WHERE `callback_log`.`deleted_at` IS NULL AND ((callback_id = ?)) LIMIT 10 OFFSET 0[xxxxxxxxxxx] 0
2021-07-23 11:44:49.670	[34mINFO[0m	gorm@v1.9.16/main.go:884	sqlC:/Env/GoPath/src/cloud_call_back/internal/data/callback_log.go:411.3136msSELECT * FROM `callback_log`  WHERE `callback_log`.`deleted_at` IS NULL AND ((callback_id = ?)) LIMIT 10 OFFSET 0[xxxxxxxxxxx] 10
2021-07-23 11:45:05.372	[34mINFO[0m	gorm@v1.9.16/main.go:884	sqlC:/Env/GoPath/src/cloud_call_back/internal/data/callback_info.go:44554.7µsSELECT count(*) FROM `callback_info`  WHERE `callback_info`.`deleted_at` IS NULL[] 0
2021-07-23 11:45:05.373	[34mINFO[0m	gorm@v1.9.16/main.go:884	sqlC:/Env/GoPath/src/cloud_call_back/internal/data/callback_info.go:511.1732msSELECT * FROM `callback_info`  WHERE `callback_info`.`deleted_at` IS NULL LIMIT 10 OFFSET 0[] 10
2021-07-23 11:46:33.883	[34mINFO[0m	gorm@v1.9.16/main.go:884	sqlC:/Env/GoPath/src/cloud_call_back/internal/data/callback_info.go:44600.6µsSELECT count(*) FROM `callback_info`  WHERE `callback_info`.`deleted_at` IS NULL[] 0
2021-07-23 11:46:33.885	[34mINFO[0m	gorm@v1.9.16/main.go:884	sqlC:/Env/GoPath/src/cloud_call_back/internal/data/callback_info.go:51961.9µsSELECT * FROM `callback_info`  WHERE `callback_info`.`deleted_at` IS NULL LIMIT 10 OFFSET 0[] 10
2021-07-23 11:46:37.664	[34mINFO[0m	gorm@v1.9.16/main.go:884	sqlC:/Env/GoPath/src/cloud_call_back/internal/data/callback_log.go:34770.9µsSELECT count(*) FROM `callback_log`  WHERE `callback_log`.`deleted_at` IS NULL AND ((callback_id = ?))[5d7df5635c7f9ea6554bd670d6d1d9b7] 0
2021-07-23 11:46:37.665	[34mINFO[0m	gorm@v1.9.16/main.go:884	sqlC:/Env/GoPath/src/cloud_call_back/internal/data/callback_log.go:41761.3µsSELECT count(*) FROM `callback_log`  WHERE `callback_log`.`deleted_at` IS NULL AND ((callback_id = ?)) LIMIT 10 OFFSET 0[5d7df5635c7f9ea6554bd670d6d1d9b7] 0
2021-07-23 11:46:37.666	[34mINFO[0m	gorm@v1.9.16/main.go:884	sqlC:/Env/GoPath/src/cloud_call_back/internal/data/callback_log.go:41751.5µsSELECT * FROM `callback_log`  WHERE `callback_log`.`deleted_at` IS NULL AND ((callback_id = ?)) LIMIT 10 OFFSET 0[5d7df5635c7f9ea6554bd670d6d1d9b7] 1
2021-07-23 11:47:03.544	[34mINFO[0m	gorm@v1.9.16/main.go:884	sqlC:/Env/GoPath/src/cloud_call_back/internal/data/callback_info.go:36809.3µsINSERT INTO `callback_info` (`created_at`,`updated_at`,`deleted_at`,`callback_id`,`app_id`,`verify_token`,`secret_key`) VALUES (?,?,?,?,?,?,?)[2021-07-23 11:47:03.5438373 +0800 CST m=+675.386689601 2021-07-23 11:47:03.5438373 +0800 CST m=+675.386689601 <nil> acafa06c2a499bd2594b6aa854bbdb3e app_hello token_hello key_hello] 1
2021-07-23 11:47:13.965	[34mINFO[0m	gorm@v1.9.16/main.go:884	sqlC:/Env/GoPath/src/cloud_call_back/internal/data/callback_info.go:44635.2µsSELECT count(*) FROM `callback_info`  WHERE `callback_info`.`deleted_at` IS NULL[] 0
2021-07-23 11:47:13.966	[34mINFO[0m	gorm@v1.9.16/main.go:884	sqlC:/Env/GoPath/src/cloud_call_back/internal/data/callback_info.go:51722.5µsSELECT * FROM `callback_info`  WHERE `callback_info`.`deleted_at` IS NULL LIMIT 10 OFFSET 0[] 10
2021-07-23 11:48:30.981	[34mINFO[0m	app/app.go:48	server start	{"name": "cloud_callback"}
2021-07-23 11:48:53.106	[34mINFO[0m	gorm@v1.9.16/main.go:884	sqlC:/Env/GoPath/src/cloud_call_back/internal/data/callback_info.go:44603.7µsSELECT count(*) FROM `callback_info`  WHERE `callback_info`.`deleted_at` IS NULL[] 0
2021-07-23 11:48:53.107	[34mINFO[0m	gorm@v1.9.16/main.go:884	sqlC:/Env/GoPath/src/cloud_call_back/internal/data/callback_info.go:51706.4µsSELECT * FROM `callback_info`  WHERE `callback_info`.`deleted_at` IS NULL LIMIT 10 OFFSET 0[] 10
2021-07-23 11:49:09.883	[34mINFO[0m	gorm@v1.9.16/main.go:884	sqlC:/Env/GoPath/src/cloud_call_back/internal/data/callback_info.go:36678.8µsINSERT INTO `callback_info` (`created_at`,`updated_at`,`deleted_at`,`callback_id`,`app_id`,`verify_token`,`secret_key`) VALUES (?,?,?,?,?,?,?)[2021-07-23 11:49:09.8830542 +0800 CST m=+39.253824001 2021-07-23 11:49:09.8830542 +0800 CST m=+39.253824001 <nil> 3651cfa002c1f93525fcd9b994e45fce 1234 2345 3456] 1
2021-07-23 11:49:44.606	[34mINFO[0m	gorm@v1.9.16/main.go:884	sqlC:/Env/GoPath/src/cloud_call_back/internal/data/callback_info.go:44626.4µsSELECT count(*) FROM `callback_info`  WHERE `callback_info`.`deleted_at` IS NULL[] 0
2021-07-23 11:49:44.607	[34mINFO[0m	gorm@v1.9.16/main.go:884	sqlC:/Env/GoPath/src/cloud_call_back/internal/data/callback_info.go:51963.6µsSELECT * FROM `callback_info`  WHERE `callback_info`.`deleted_at` IS NULL LIMIT 10 OFFSET 0[] 10
2021-07-23 11:49:47.451	[34mINFO[0m	gorm@v1.9.16/main.go:884	sqlC:/Env/GoPath/src/cloud_call_back/internal/data/callback_info.go:44516µsSELECT count(*) FROM `callback_info`  WHERE `callback_info`.`deleted_at` IS NULL[] 0
2021-07-23 11:49:47.453	[34mINFO[0m	gorm@v1.9.16/main.go:884	sqlC:/Env/GoPath/src/cloud_call_back/internal/data/callback_info.go:51964.5µsSELECT * FROM `callback_info`  WHERE `callback_info`.`deleted_at` IS NULL LIMIT 10 OFFSET 0[] 10
2021-07-23 11:49:49.296	[34mINFO[0m	gorm@v1.9.16/main.go:884	sqlC:/Env/GoPath/src/cloud_call_back/internal/data/callback_info.go:44555.6µsSELECT count(*) FROM `callback_info`  WHERE `callback_info`.`deleted_at` IS NULL[] 0
2021-07-23 11:49:49.298	[34mINFO[0m	gorm@v1.9.16/main.go:884	sqlC:/Env/GoPath/src/cloud_call_back/internal/data/callback_info.go:51925.6µsSELECT * FROM `callback_info`  WHERE `callback_info`.`deleted_at` IS NULL LIMIT 10 OFFSET 10[] 4
2021-07-23 11:56:24.838	[34mINFO[0m	gorm@v1.9.16/main.go:884	sqlC:/Env/GoPath/src/cloud_call_back/internal/data/callback_info.go:44516.9µsSELECT count(*) FROM `callback_info`  WHERE `callback_info`.`deleted_at` IS NULL[] 0
2021-07-23 11:56:24.839	[34mINFO[0m	gorm@v1.9.16/main.go:884	sqlC:/Env/GoPath/src/cloud_call_back/internal/data/callback_info.go:51632.6µsSELECT * FROM `callback_info`  WHERE `callback_info`.`deleted_at` IS NULL LIMIT 10 OFFSET 0[] 10
2021-07-23 11:56:31.809	[34mINFO[0m	gorm@v1.9.16/main.go:884	sqlC:/Env/GoPath/src/cloud_call_back/internal/data/callback_info.go:36570.3µsINSERT INTO `callback_info` (`created_at`,`updated_at`,`deleted_at`,`callback_id`,`app_id`,`verify_token`,`secret_key`) VALUES (?,?,?,?,?,?,?)[2021-07-23 11:56:31.8091046 +0800 CST m=+481.179874401 2021-07-23 11:56:31.8091046 +0800 CST m=+481.179874401 <nil> 4ce908e6512ae634851b1da27bb0f4e9 1 11 11] 1
2021-07-23 11:56:51.382	[34mINFO[0m	gorm@v1.9.16/main.go:884	sqlC:/Env/GoPath/src/cloud_call_back/internal/data/callback_info.go:441.0158msSELECT count(*) FROM `callback_info`  WHERE `callback_info`.`deleted_at` IS NULL[] 0
2021-07-23 11:56:51.384	[34mINFO[0m	gorm@v1.9.16/main.go:884	sqlC:/Env/GoPath/src/cloud_call_back/internal/data/callback_info.go:51820.8µsSELECT * FROM `callback_info`  WHERE `callback_info`.`deleted_at` IS NULL LIMIT 10 OFFSET 0[] 10
2021-07-23 11:57:20.381	[34mINFO[0m	gorm@v1.9.16/main.go:884	sqlC:/Env/GoPath/src/cloud_call_back/internal/data/callback_info.go:36843.3µsINSERT INTO `callback_info` (`created_at`,`updated_at`,`deleted_at`,`callback_id`,`app_id`,`verify_token`,`secret_key`) VALUES (?,?,?,?,?,?,?)[2021-07-23 11:57:20.3805224 +0800 CST m=+529.751292101 2021-07-23 11:57:20.3805224 +0800 CST m=+529.751292101 <nil> 1cc4de1d800dd6fccf9b550abf92eb0b 22 22 22] 1
2021-07-23 11:57:31.230	[34mINFO[0m	gorm@v1.9.16/main.go:884	sqlC:/Env/GoPath/src/cloud_call_back/internal/data/callback_info.go:44622.9µsSELECT count(*) FROM `callback_info`  WHERE `callback_info`.`deleted_at` IS NULL[] 0
2021-07-23 11:57:31.231	[34mINFO[0m	gorm@v1.9.16/main.go:884	sqlC:/Env/GoPath/src/cloud_call_back/internal/data/callback_info.go:51671.2µsSELECT * FROM `callback_info`  WHERE `callback_info`.`deleted_at` IS NULL LIMIT 10 OFFSET 0[] 10
2021-07-23 12:28:24.044	[34mINFO[0m	gorm@v1.9.16/main.go:884	sqlC:/Env/GoPath/src/cloud_call_back/internal/data/callback_info.go:44745.5µsSELECT count(*) FROM `callback_info`  WHERE `callback_info`.`deleted_at` IS NULL[] 0
2021-07-23 12:28:24.045	[34mINFO[0m	gorm@v1.9.16/main.go:884	sqlC:/Env/GoPath/src/cloud_call_back/internal/data/callback_info.go:51961.2µsSELECT * FROM `callback_info`  WHERE `callback_info`.`deleted_at` IS NULL LIMIT 10 OFFSET 0[] 10
2021-07-23 12:28:34.982	[34mINFO[0m	gorm@v1.9.16/main.go:884	sqlC:/Env/GoPath/src/cloud_call_back/internal/data/callback_info.go:36573.8µsINSERT INTO `callback_info` (`created_at`,`updated_at`,`deleted_at`,`callback_id`,`app_id`,`verify_token`,`secret_key`) VALUES (?,?,?,?,?,?,?)[2021-07-23 12:28:34.981489 +0800 CST m=+2404.352258801 2021-07-23 12:28:34.981489 +0800 CST m=+2404.352258801 <nil> 4900a8510085257f85069bea4ddf00d0 1 23 3] 1
2021-07-23 12:28:57.558	[34mINFO[0m	gorm@v1.9.16/main.go:884	sqlC:/Env/GoPath/src/cloud_call_back/internal/data/callback_info.go:44579.3µsSELECT count(*) FROM `callback_info`  WHERE `callback_info`.`deleted_at` IS NULL[] 0
2021-07-23 12:28:57.559	[34mINFO[0m	gorm@v1.9.16/main.go:884	sqlC:/Env/GoPath/src/cloud_call_back/internal/data/callback_info.go:51827.6µsSELECT * FROM `callback_info`  WHERE `callback_info`.`deleted_at` IS NULL LIMIT 10 OFFSET 0[] 10
2021-07-23 12:32:42.250	[34mINFO[0m	gorm@v1.9.16/main.go:884	sqlC:/Env/GoPath/src/cloud_call_back/internal/data/callback_info.go:44631.5µsSELECT count(*) FROM `callback_info`  WHERE `callback_info`.`deleted_at` IS NULL[] 0
2021-07-23 12:32:42.251	[34mINFO[0m	gorm@v1.9.16/main.go:884	sqlC:/Env/GoPath/src/cloud_call_back/internal/data/callback_info.go:511.0449msSELECT * FROM `callback_info`  WHERE `callback_info`.`deleted_at` IS NULL LIMIT 10 OFFSET 0[] 10
2021-07-23 12:32:46.903	[34mINFO[0m	gorm@v1.9.16/main.go:884	sqlC:/Env/GoPath/src/cloud_call_back/internal/data/callback_info.go:36649.9µsINSERT INTO `callback_info` (`created_at`,`updated_at`,`deleted_at`,`callback_id`,`app_id`,`verify_token`,`secret_key`) VALUES (?,?,?,?,?,?,?)[2021-07-23 12:32:46.9024768 +0800 CST m=+2656.273246601 2021-07-23 12:32:46.9024768 +0800 CST m=+2656.273246601 <nil> 6a7aea140776f11c9cdb560430632172 2 3 4] 1
2021-07-23 12:32:56.463	[34mINFO[0m	gorm@v1.9.16/main.go:884	sqlC:/Env/GoPath/src/cloud_call_back/internal/data/callback_info.go:44541.4µsSELECT count(*) FROM `callback_info`  WHERE `callback_info`.`deleted_at` IS NULL[] 0
2021-07-23 12:32:56.464	[34mINFO[0m	gorm@v1.9.16/main.go:884	sqlC:/Env/GoPath/src/cloud_call_back/internal/data/callback_info.go:51729.8µsSELECT * FROM `callback_info`  WHERE `callback_info`.`deleted_at` IS NULL LIMIT 10 OFFSET 0[] 10
2021-07-23 12:34:05.299	[34mINFO[0m	gorm@v1.9.16/main.go:884	sqlC:/Env/GoPath/src/cloud_call_back/internal/data/callback_info.go:44618.9µsSELECT count(*) FROM `callback_info`  WHERE `callback_info`.`deleted_at` IS NULL[] 0
2021-07-23 12:34:05.300	[34mINFO[0m	gorm@v1.9.16/main.go:884	sqlC:/Env/GoPath/src/cloud_call_back/internal/data/callback_info.go:51574.1µsSELECT * FROM `callback_info`  WHERE `callback_info`.`deleted_at` IS NULL LIMIT 10 OFFSET 0[] 10
2021-07-23 12:34:12.384	[34mINFO[0m	gorm@v1.9.16/main.go:884	sqlC:/Env/GoPath/src/cloud_call_back/internal/data/callback_info.go:36607.6µsINSERT INTO `callback_info` (`created_at`,`updated_at`,`deleted_at`,`callback_id`,`app_id`,`verify_token`,`secret_key`) VALUES (?,?,?,?,?,?,?)[2021-07-23 12:34:12.3833334 +0800 CST m=+2741.754103101 2021-07-23 12:34:12.3833334 +0800 CST m=+2741.754103101 <nil> de86a5d7967b482012bf157727e772b2 3 4 5] 1
2021-07-23 12:37:30.553	[34mINFO[0m	gorm@v1.9.16/main.go:884	sqlC:/Env/GoPath/src/cloud_call_back/internal/data/callback_info.go:36615.7µsINSERT INTO `callback_info` (`created_at`,`updated_at`,`deleted_at`,`callback_id`,`app_id`,`verify_token`,`secret_key`) VALUES (?,?,?,?,?,?,?)[2021-07-23 12:37:30.5530548 +0800 CST m=+2939.923824701 2021-07-23 12:37:30.5530548 +0800 CST m=+2939.923824701 <nil> c10b115820133064fb7549e42410df92 123 234 345] 1
2021-07-23 12:41:36.041	[34mINFO[0m	gorm@v1.9.16/main.go:884	sqlC:/Env/GoPath/src/cloud_call_back/internal/data/callback_info.go:44641µsSELECT count(*) FROM `callback_info`  WHERE `callback_info`.`deleted_at` IS NULL[] 0
2021-07-23 12:41:36.042	[34mINFO[0m	gorm@v1.9.16/main.go:884	sqlC:/Env/GoPath/src/cloud_call_back/internal/data/callback_info.go:51552.9µsSELECT * FROM `callback_info`  WHERE `callback_info`.`deleted_at` IS NULL LIMIT 10 OFFSET 0[] 10
2021-07-23 12:42:11.767	[34mINFO[0m	gorm@v1.9.16/main.go:884	sqlC:/Env/GoPath/src/cloud_call_back/internal/data/callback_info.go:44763.1µsSELECT count(*) FROM `callback_info`  WHERE `callback_info`.`deleted_at` IS NULL[] 0
2021-07-23 12:42:11.769	[34mINFO[0m	gorm@v1.9.16/main.go:884	sqlC:/Env/GoPath/src/cloud_call_back/internal/data/callback_info.go:511.0704msSELECT * FROM `callback_info`  WHERE `callback_info`.`deleted_at` IS NULL LIMIT 10 OFFSET 0[] 10
2021-07-23 12:42:14.005	[34mINFO[0m	gorm@v1.9.16/main.go:884	sqlC:/Env/GoPath/src/cloud_call_back/internal/data/callback_info.go:44751.1µsSELECT count(*) FROM `callback_info`  WHERE `callback_info`.`deleted_at` IS NULL[] 0
2021-07-23 12:42:14.006	[34mINFO[0m	gorm@v1.9.16/main.go:884	sqlC:/Env/GoPath/src/cloud_call_back/internal/data/callback_info.go:51799.6µsSELECT * FROM `callback_info`  WHERE `callback_info`.`deleted_at` IS NULL LIMIT 10 OFFSET 0[] 10
2021-07-23 12:42:16.602	[34mINFO[0m	gorm@v1.9.16/main.go:884	sqlC:/Env/GoPath/src/cloud_call_back/internal/data/callback_info.go:44574.7µsSELECT count(*) FROM `callback_info`  WHERE `callback_info`.`deleted_at` IS NULL[] 0
2021-07-23 12:42:16.603	[34mINFO[0m	gorm@v1.9.16/main.go:884	sqlC:/Env/GoPath/src/cloud_call_back/internal/data/callback_info.go:51910.8µsSELECT * FROM `callback_info`  WHERE `callback_info`.`deleted_at` IS NULL LIMIT 10 OFFSET 0[] 10
2021-07-23 12:42:18.261	[34mINFO[0m	gorm@v1.9.16/main.go:884	sqlC:/Env/GoPath/src/cloud_call_back/internal/data/callback_info.go:44547.8µsSELECT count(*) FROM `callback_info`  WHERE `callback_info`.`deleted_at` IS NULL[] 0
2021-07-23 12:42:18.263	[34mINFO[0m	gorm@v1.9.16/main.go:884	sqlC:/Env/GoPath/src/cloud_call_back/internal/data/callback_info.go:51793.6µsSELECT * FROM `callback_info`  WHERE `callback_info`.`deleted_at` IS NULL LIMIT 10 OFFSET 0[] 10
2021-07-23 12:43:00.218	[34mINFO[0m	gorm@v1.9.16/main.go:884	sqlC:/Env/GoPath/src/cloud_call_back/internal/data/callback_info.go:44598.9µsSELECT count(*) FROM `callback_info`  WHERE `callback_info`.`deleted_at` IS NULL[] 0
2021-07-23 12:43:00.219	[34mINFO[0m	gorm@v1.9.16/main.go:884	sqlC:/Env/GoPath/src/cloud_call_back/internal/data/callback_info.go:51834.1µsSELECT * FROM `callback_info`  WHERE `callback_info`.`deleted_at` IS NULL LIMIT 10 OFFSET 0[] 10
2021-07-23 12:43:09.348	[34mINFO[0m	gorm@v1.9.16/main.go:884	sqlC:/Env/GoPath/src/cloud_call_back/internal/data/callback_info.go:36655.1µsINSERT INTO `callback_info` (`created_at`,`updated_at`,`deleted_at`,`callback_id`,`app_id`,`verify_token`,`secret_key`) VALUES (?,?,?,?,?,?,?)[2021-07-23 12:43:09.3479437 +0800 CST m=+3278.718713501 2021-07-23 12:43:09.3479437 +0800 CST m=+3278.718713501 <nil> 6264377a1e6ae9c8f333242c9b954f7e 23466 66666 777777] 1
2021-07-23 12:43:11.575	[34mINFO[0m	gorm@v1.9.16/main.go:884	sqlC:/Env/GoPath/src/cloud_call_back/internal/data/callback_info.go:44802.1µsSELECT count(*) FROM `callback_info`  WHERE `callback_info`.`deleted_at` IS NULL[] 0
2021-07-23 12:43:11.577	[34mINFO[0m	gorm@v1.9.16/main.go:884	sqlC:/Env/GoPath/src/cloud_call_back/internal/data/callback_info.go:511.7698msSELECT * FROM `callback_info`  WHERE `callback_info`.`deleted_at` IS NULL LIMIT 10 OFFSET 0[] 10
2021-07-23 14:06:27.956	[34mINFO[0m	app/app.go:48	server start	{"name": "cloud_callback"}
2021-07-23 14:06:36.202	[34mINFO[0m	gorm@v1.9.16/main.go:884	sqlC:/Env/GoPath/src/cloud_call_back/internal/data/callback_info.go:44622.1µsSELECT count(*) FROM `callback_info`  WHERE `callback_info`.`deleted_at` IS NULL[] 0
2021-07-23 14:06:36.203	[34mINFO[0m	gorm@v1.9.16/main.go:884	sqlC:/Env/GoPath/src/cloud_call_back/internal/data/callback_info.go:51719.2µsSELECT * FROM `callback_info`  WHERE `callback_info`.`deleted_at` IS NULL LIMIT 10 OFFSET 0[] 10
2021-07-23 14:06:55.115	[34mINFO[0m	gorm@v1.9.16/main.go:884	sqlC:/Env/GoPath/src/cloud_call_back/internal/data/callback_info.go:44637.1µsSELECT count(*) FROM `callback_info`  WHERE `callback_info`.`deleted_at` IS NULL[] 0
2021-07-23 14:06:55.117	[34mINFO[0m	gorm@v1.9.16/main.go:884	sqlC:/Env/GoPath/src/cloud_call_back/internal/data/callback_info.go:51703.5µsSELECT * FROM `callback_info`  WHERE `callback_info`.`deleted_at` IS NULL LIMIT 10 OFFSET 0[] 10
2021-07-23 14:06:56.718	[34mINFO[0m	gorm@v1.9.16/main.go:884	sqlC:/Env/GoPath/src/cloud_call_back/internal/data/callback_log.go:34924.1µsSELECT count(*) FROM `callback_log`  WHERE `callback_log`.`deleted_at` IS NULL AND ((callback_id = ?))[c84589c51884ee946094b91621888858] 0
2021-07-23 14:06:56.720	[34mINFO[0m	gorm@v1.9.16/main.go:884	sqlC:/Env/GoPath/src/cloud_call_back/internal/data/callback_log.go:41900.7µsSELECT count(*) FROM `callback_log`  WHERE `callback_log`.`deleted_at` IS NULL AND ((callback_id = ?)) LIMIT 10 OFFSET 0[c84589c51884ee946094b91621888858] 0
2021-07-23 14:06:56.721	[34mINFO[0m	gorm@v1.9.16/main.go:884	sqlC:/Env/GoPath/src/cloud_call_back/internal/data/callback_log.go:411.0851msSELECT * FROM `callback_log`  WHERE `callback_log`.`deleted_at` IS NULL AND ((callback_id = ?)) LIMIT 10 OFFSET 0[c84589c51884ee946094b91621888858] 1
2021-07-23 14:08:35.727	[34mINFO[0m	gorm@v1.9.16/main.go:884	sqlC:/Env/GoPath/src/cloud_call_back/internal/data/callback_info.go:44923.6µsSELECT count(*) FROM `callback_info`  WHERE `callback_info`.`deleted_at` IS NULL[] 0
2021-07-23 14:08:35.730	[34mINFO[0m	gorm@v1.9.16/main.go:884	sqlC:/Env/GoPath/src/cloud_call_back/internal/data/callback_info.go:512.7313msSELECT * FROM `callback_info`  WHERE `callback_info`.`deleted_at` IS NULL LIMIT 10 OFFSET 0[] 10
2021-07-23 14:08:39.338	[34mINFO[0m	gorm@v1.9.16/main.go:884	sqlC:/Env/GoPath/src/cloud_call_back/internal/data/callback_log.go:34928µsSELECT count(*) FROM `callback_log`  WHERE `callback_log`.`deleted_at` IS NULL AND ((callback_id = ?))[c28fe4e1275bd72a135aa9568c1cf536] 0
2021-07-23 14:08:39.339	[34mINFO[0m	gorm@v1.9.16/main.go:884	sqlC:/Env/GoPath/src/cloud_call_back/internal/data/callback_log.go:411.0171msSELECT count(*) FROM `callback_log`  WHERE `callback_log`.`deleted_at` IS NULL AND ((callback_id = ?)) LIMIT 10 OFFSET 0[c28fe4e1275bd72a135aa9568c1cf536] 0
2021-07-23 14:08:39.341	[34mINFO[0m	gorm@v1.9.16/main.go:884	sqlC:/Env/GoPath/src/cloud_call_back/internal/data/callback_log.go:411.0828msSELECT * FROM `callback_log`  WHERE `callback_log`.`deleted_at` IS NULL AND ((callback_id = ?)) LIMIT 10 OFFSET 0[c28fe4e1275bd72a135aa9568c1cf536] 0
2021-07-23 14:08:42.504	[34mINFO[0m	gorm@v1.9.16/main.go:884	sqlC:/Env/GoPath/src/cloud_call_back/internal/data/callback_log.go:341.1334msSELECT count(*) FROM `callback_log`  WHERE `callback_log`.`deleted_at` IS NULL AND ((callback_id = ?))[xxxxxxxxxxx] 0
2021-07-23 14:08:42.506	[34mINFO[0m	gorm@v1.9.16/main.go:884	sqlC:/Env/GoPath/src/cloud_call_back/internal/data/callback_log.go:411.0035msSELECT count(*) FROM `callback_log`  WHERE `callback_log`.`deleted_at` IS NULL AND ((callback_id = ?)) LIMIT 10 OFFSET 0[xxxxxxxxxxx] 0
2021-07-23 14:08:42.507	[34mINFO[0m	gorm@v1.9.16/main.go:884	sqlC:/Env/GoPath/src/cloud_call_back/internal/data/callback_log.go:41908µsSELECT * FROM `callback_log`  WHERE `callback_log`.`deleted_at` IS NULL AND ((callback_id = ?)) LIMIT 10 OFFSET 0[xxxxxxxxxxx] 10
2021-07-23 14:11:15.974	[34mINFO[0m	app/app.go:48	server start	{"name": "cloud_callback"}
2021-07-23 14:11:30.358	[34mINFO[0m	gorm@v1.9.16/main.go:884	sqlC:/Env/GoPath/src/cloud_call_back/internal/data/callback_info.go:44576.4µsSELECT count(*) FROM `callback_info`  WHERE `callback_info`.`deleted_at` IS NULL[] 0
2021-07-23 14:11:30.359	[34mINFO[0m	gorm@v1.9.16/main.go:884	sqlC:/Env/GoPath/src/cloud_call_back/internal/data/callback_info.go:51627.6µsSELECT * FROM `callback_info`  WHERE `callback_info`.`deleted_at` IS NULL LIMIT 10 OFFSET 0[] 10
2021-07-23 14:11:33.375	[34mINFO[0m	gorm@v1.9.16/main.go:884	sqlC:/Env/GoPath/src/cloud_call_back/internal/data/callback_info.go:44723.6µsSELECT count(*) FROM `callback_info`  WHERE `callback_info`.`deleted_at` IS NULL[] 0
2021-07-23 14:11:33.376	[34mINFO[0m	gorm@v1.9.16/main.go:884	sqlC:/Env/GoPath/src/cloud_call_back/internal/data/callback_info.go:51698.6µsSELECT * FROM `callback_info`  WHERE `callback_info`.`deleted_at` IS NULL LIMIT 10 OFFSET 10[] 10
2021-07-23 14:11:34.310	[34mINFO[0m	gorm@v1.9.16/main.go:884	sqlC:/Env/GoPath/src/cloud_call_back/internal/data/callback_info.go:44556.7µsSELECT count(*) FROM `callback_info`  WHERE `callback_info`.`deleted_at` IS NULL[] 0
2021-07-23 14:11:34.312	[34mINFO[0m	gorm@v1.9.16/main.go:884	sqlC:/Env/GoPath/src/cloud_call_back/internal/data/callback_info.go:51655.3µsSELECT * FROM `callback_info`  WHERE `callback_info`.`deleted_at` IS NULL LIMIT 10 OFFSET 20[] 1
2021-07-23 14:11:36.614	[34mINFO[0m	gorm@v1.9.16/main.go:884	sqlC:/Env/GoPath/src/cloud_call_back/internal/data/callback_info.go:44611.8µsSELECT count(*) FROM `callback_info`  WHERE `callback_info`.`deleted_at` IS NULL[] 0
2021-07-23 14:11:36.615	[34mINFO[0m	gorm@v1.9.16/main.go:884	sqlC:/Env/GoPath/src/cloud_call_back/internal/data/callback_info.go:511.0965msSELECT * FROM `callback_info`  WHERE `callback_info`.`deleted_at` IS NULL LIMIT 10 OFFSET 0[] 10
2021-07-23 14:11:38.132	[34mINFO[0m	gorm@v1.9.16/main.go:884	sqlC:/Env/GoPath/src/cloud_call_back/internal/data/callback_log.go:341.1552msSELECT count(*) FROM `callback_log`  WHERE `callback_log`.`deleted_at` IS NULL AND ((callback_id = ?))[xxxxxxxxxxx] 0
2021-07-23 14:11:38.134	[34mINFO[0m	gorm@v1.9.16/main.go:884	sqlC:/Env/GoPath/src/cloud_call_back/internal/data/callback_log.go:41658.7µsSELECT count(*) FROM `callback_log`  WHERE `callback_log`.`deleted_at` IS NULL AND ((callback_id = ?)) LIMIT 10 OFFSET 0[xxxxxxxxxxx] 0
2021-07-23 14:11:38.135	[34mINFO[0m	gorm@v1.9.16/main.go:884	sqlC:/Env/GoPath/src/cloud_call_back/internal/data/callback_log.go:411.2533msSELECT * FROM `callback_log`  WHERE `callback_log`.`deleted_at` IS NULL AND ((callback_id = ?)) LIMIT 10 OFFSET 0[xxxxxxxxxxx] 10
2021-07-23 14:11:57.380	[34mINFO[0m	gorm@v1.9.16/main.go:884	sqlC:/Env/GoPath/src/cloud_call_back/internal/data/callback_info.go:36606.6µsINSERT INTO `callback_info` (`created_at`,`updated_at`,`deleted_at`,`callback_id`,`app_id`,`verify_token`,`secret_key`) VALUES (?,?,?,?,?,?,?)[2021-07-23 14:11:57.3796404 +0800 CST m=+41.754649201 2021-07-23 14:11:57.3796404 +0800 CST m=+41.754649201 <nil> e89f01a9f9b4688d2c1d5df0ddface28 xxxxxxx 123123 42352355] 1
2021-07-23 14:11:58.606	[34mINFO[0m	gorm@v1.9.16/main.go:884	sqlC:/Env/GoPath/src/cloud_call_back/internal/data/callback_info.go:44547.7µsSELECT count(*) FROM `callback_info`  WHERE `callback_info`.`deleted_at` IS NULL[] 0
2021-07-23 14:11:58.607	[34mINFO[0m	gorm@v1.9.16/main.go:884	sqlC:/Env/GoPath/src/cloud_call_back/internal/data/callback_info.go:51709.8µsSELECT * FROM `callback_info`  WHERE `callback_info`.`deleted_at` IS NULL LIMIT 10 OFFSET 0[] 10
2021-07-23 14:12:02.911	[34mINFO[0m	gorm@v1.9.16/main.go:884	sqlC:/Env/GoPath/src/cloud_call_back/internal/data/callback_info.go:44689µsSELECT count(*) FROM `callback_info`  WHERE `callback_info`.`deleted_at` IS NULL[] 0
2021-07-23 14:12:02.913	[34mINFO[0m	gorm@v1.9.16/main.go:884	sqlC:/Env/GoPath/src/cloud_call_back/internal/data/callback_info.go:51847.7µsSELECT * FROM `callback_info`  WHERE `callback_info`.`deleted_at` IS NULL LIMIT 10 OFFSET 10[] 10
2021-07-23 14:12:32.097	[34mINFO[0m	gorm@v1.9.16/main.go:884	sqlC:/Env/GoPath/src/cloud_call_back/internal/data/callback_info.go:44515.7µsSELECT count(*) FROM `callback_info`  WHERE `callback_info`.`deleted_at` IS NULL[] 0
2021-07-23 14:12:32.098	[34mINFO[0m	gorm@v1.9.16/main.go:884	sqlC:/Env/GoPath/src/cloud_call_back/internal/data/callback_info.go:51698.6µsSELECT * FROM `callback_info`  WHERE `callback_info`.`deleted_at` IS NULL LIMIT 10 OFFSET 0[] 10
2021-07-23 14:12:51.911	[34mINFO[0m	gorm@v1.9.16/main.go:884	sqlC:/Env/GoPath/src/cloud_call_back/internal/data/callback_log.go:34968.6µsSELECT count(*) FROM `callback_log`  WHERE `callback_log`.`deleted_at` IS NULL AND ((callback_id = ?))[a1c7a3763c9381f30460d7bbb147f118] 0
2021-07-23 14:12:51.912	[34mINFO[0m	gorm@v1.9.16/main.go:884	sqlC:/Env/GoPath/src/cloud_call_back/internal/data/callback_log.go:41723µsSELECT count(*) FROM `callback_log`  WHERE `callback_log`.`deleted_at` IS NULL AND ((callback_id = ?)) LIMIT 10 OFFSET 0[a1c7a3763c9381f30460d7bbb147f118] 0
2021-07-23 14:12:51.913	[34mINFO[0m	gorm@v1.9.16/main.go:884	sqlC:/Env/GoPath/src/cloud_call_back/internal/data/callback_log.go:41618.2µsSELECT * FROM `callback_log`  WHERE `callback_log`.`deleted_at` IS NULL AND ((callback_id = ?)) LIMIT 10 OFFSET 0[a1c7a3763c9381f30460d7bbb147f118] 2
2021-07-23 14:22:28.372	[34mINFO[0m	app/app.go:48	server start	{"name": "cloud_callback"}
2021-07-23 14:22:47.228	[34mINFO[0m	gorm@v1.9.16/main.go:884	sqlC:/Env/GoPath/src/cloud_call_back/internal/data/callback_info.go:44592.4µsSELECT count(*) FROM `callback_info`  WHERE `callback_info`.`deleted_at` IS NULL[] 0
2021-07-23 14:22:47.230	[34mINFO[0m	gorm@v1.9.16/main.go:884	sqlC:/Env/GoPath/src/cloud_call_back/internal/data/callback_info.go:51661.4µsSELECT * FROM `callback_info`  WHERE `callback_info`.`deleted_at` IS NULL LIMIT 10 OFFSET 0[] 10
2021-07-23 14:22:49.514	[34mINFO[0m	gorm@v1.9.16/main.go:884	sqlC:/Env/GoPath/src/cloud_call_back/internal/data/callback_log.go:341.1358msSELECT count(*) FROM `callback_log`  WHERE `callback_log`.`deleted_at` IS NULL AND ((callback_id = ?))[xxxxxxxxxxx] 0
2021-07-23 14:22:49.515	[34mINFO[0m	gorm@v1.9.16/main.go:884	sqlC:/Env/GoPath/src/cloud_call_back/internal/data/callback_log.go:41720.7µsSELECT count(*) FROM `callback_log`  WHERE `callback_log`.`deleted_at` IS NULL AND ((callback_id = ?)) LIMIT 10 OFFSET 0[xxxxxxxxxxx] 0
2021-07-23 14:22:49.516	[34mINFO[0m	gorm@v1.9.16/main.go:884	sqlC:/Env/GoPath/src/cloud_call_back/internal/data/callback_log.go:41809.8µsSELECT * FROM `callback_log`  WHERE `callback_log`.`deleted_at` IS NULL AND ((callback_id = ?)) LIMIT 10 OFFSET 0[xxxxxxxxxxx] 10
2021-07-23 15:29:12.198	[34mINFO[0m	app/app.go:54	server start	{"name": "cloud_callback"}
2021-07-23 15:38:05.576	[34mINFO[0m	app/app.go:54	server start	{"name": "cloud_callback"}
2021-07-26 01:34:04.301	[34mINFO[0m	app/app.go:54	server start	{"name": "cloud_callback"}
2021-07-26 02:38:30.072	[34mINFO[0m	gorm@v1.9.16/main.go:884	sqlC:/Env/GoPath/src/cloud_call_back/internal/data/callback_info.go:291.2092msSELECT * FROM `callback_info`  WHERE `callback_info`.`deleted_at` IS NULL AND ((callback_id = ?)) ORDER BY `callback_info`.`id` ASC LIMIT 1[] 0
2021-07-26 02:38:30.073	[31mERROR[0m	callback/api_router.go:70	Callback-->QueryInfoByCallbackId	{"error": "record not found"}
2021-07-26 02:42:34.331	[34mINFO[0m	gorm@v1.9.16/main.go:884	sqlC:/Env/GoPath/src/cloud_call_back/internal/data/callback_info.go:29653.3µsSELECT * FROM `callback_info`  WHERE `callback_info`.`deleted_at` IS NULL AND ((callback_id = ?)) ORDER BY `callback_info`.`id` ASC LIMIT 1[] 0
2021-07-26 02:42:34.331	[31mERROR[0m	callback/api_router.go:70	Callback-->QueryInfoByCallbackId	{"error": "record not found"}
2021-07-26 02:44:22.353	[34mINFO[0m	gorm@v1.9.16/main.go:884	sqlC:/Env/GoPath/src/cloud_call_back/internal/data/callback_info.go:29855µsSELECT * FROM `callback_info`  WHERE `callback_info`.`deleted_at` IS NULL AND ((callback_id = ?)) ORDER BY `callback_info`.`id` ASC LIMIT 1[] 0
2021-07-26 02:44:22.354	[31mERROR[0m	callback/api_router.go:70	Callback-->QueryInfoByCallbackId	{"error": "record not found"}
2021-07-26 02:47:32.922	[34mINFO[0m	gorm@v1.9.16/main.go:884	sqlC:/Env/GoPath/src/cloud_call_back/internal/data/callback_info.go:29930.1µsSELECT * FROM `callback_info`  WHERE `callback_info`.`deleted_at` IS NULL AND ((callback_id = ?)) ORDER BY `callback_info`.`id` ASC LIMIT 1[] 0
2021-07-26 02:47:32.923	[31mERROR[0m	callback/api_router.go:70	Callback-->QueryInfoByCallbackId	{"error": "record not found"}
2021-07-26 02:49:31.007	[34mINFO[0m	gorm@v1.9.16/main.go:884	sqlC:/Env/GoPath/src/cloud_call_back/internal/data/callback_info.go:29746.6µsSELECT * FROM `callback_info`  WHERE `callback_info`.`deleted_at` IS NULL AND ((callback_id = ?)) ORDER BY `callback_info`.`id` ASC LIMIT 1[] 0
2021-07-26 02:49:31.008	[31mERROR[0m	callback/api_router.go:70	Callback-->QueryInfoByCallbackId	{"error": "record not found"}
2021-07-26 02:53:52.957	[34mINFO[0m	app/app.go:54	server start	{"name": "cloud_callback"}
2021-07-26 02:54:13.684	[34mINFO[0m	gorm@v1.9.16/main.go:884	sqlC:/Env/GoPath/src/cloud_call_back/internal/data/callback_info.go:291.2297msSELECT * FROM `callback_info`  WHERE `callback_info`.`deleted_at` IS NULL AND ((callback_id = ?)) ORDER BY `callback_info`.`id` ASC LIMIT 1[] 0
2021-07-26 02:54:13.684	[31mERROR[0m	callback/api_router.go:70	Callback-->QueryInfoByCallbackId	{"error": "record not found"}
2021-07-26 02:54:29.704	[34mINFO[0m	app/app.go:54	server start	{"name": "cloud_callback"}
2021-07-26 02:54:40.869	[34mINFO[0m	gorm@v1.9.16/main.go:884	sqlC:/Env/GoPath/src/cloud_call_back/internal/data/callback_info.go:29929.6µsSELECT * FROM `callback_info`  WHERE `callback_info`.`deleted_at` IS NULL AND ((callback_id = ?)) ORDER BY `callback_info`.`id` ASC LIMIT 1[] 0
2021-07-26 02:54:40.869	[31mERROR[0m	callback/api_router.go:70	Callback-->QueryInfoByCallbackId	{"error": "record not found"}
2021-07-26 02:56:03.164	[34mINFO[0m	app/app.go:54	server start	{"name": "cloud_callback"}
2021-07-26 02:56:38.932	[34mINFO[0m	app/app.go:54	server start	{"name": "cloud_callback"}
2021-07-26 02:56:54.793	[34mINFO[0m	gorm@v1.9.16/main.go:884	sqlC:/Env/GoPath/src/cloud_call_back/internal/data/callback_info.go:29936.8µsSELECT * FROM `callback_info`  WHERE `callback_info`.`deleted_at` IS NULL AND ((callback_id = ?)) ORDER BY `callback_info`.`id` ASC LIMIT 1[22222] 0
2021-07-26 02:56:54.794	[31mERROR[0m	callback/api_router.go:70	Callback-->QueryInfoByCallbackId	{"error": "record not found"}
2021-07-26 02:58:59.622	[34mINFO[0m	gorm@v1.9.16/main.go:884	sqlC:/Env/GoPath/src/cloud_call_back/internal/data/callback_info.go:291.3544msSELECT * FROM `callback_info`  WHERE `callback_info`.`deleted_at` IS NULL AND ((callback_id = ?)) ORDER BY `callback_info`.`id` ASC LIMIT 1[2f221a18eb86380369570b2ed147d8b4] 0
2021-07-26 02:59:22.540	[31mERROR[0m	callback/api_router.go:70	Callback-->QueryInfoByCallbackId	{"error": "record not found"}
2021-07-26 03:03:26.992	[34mINFO[0m	gorm@v1.9.16/main.go:884	sqlC:/Env/GoPath/src/cloud_call_back/internal/data/callback_info.go:291.6034msSELECT * FROM `callback_info`  WHERE `callback_info`.`deleted_at` IS NULL AND ((callback_id = ?)) ORDER BY `callback_info`.`id` ASC LIMIT 1[2f221a18eb86380369570b2ed147d8b4] 1
2021-07-26 03:03:54.743	[34mINFO[0m	gorm@v1.9.16/main.go:884	sqlC:/Env/GoPath/src/cloud_call_back/internal/data/callback_log.go:241.0055msINSERT INTO `callback_log` (`created_at`,`updated_at`,`deleted_at`,`callback_id`,`ip`,`msg_body`) VALUES (?,?,?,?,?,?)[2021-07-26 03:03:54.7426891 +0800 CST m=+436.173498601 2021-07-26 03:03:54.7426891 +0800 CST m=+436.173498601 <nil> 2f221a18eb86380369570b2ed147d8b4 127.0.0.1 <doc>
  <object>
    <action>auto action</action>
    <app_id>appdRx8JicQ9960</app_id>
    <message_id>111111</message_id>
    <retry_times>0</retry_times>
    <type>type1</type>
  </object>
</doc>] 1
2021-07-26 03:09:24.976	[34mINFO[0m	gorm@v1.9.16/main.go:884	sqlC:/Env/GoPath/src/cloud_call_back/internal/data/callback_info.go:291.2058msSELECT * FROM `callback_info`  WHERE `callback_info`.`deleted_at` IS NULL AND ((callback_id = ?)) ORDER BY `callback_info`.`id` ASC LIMIT 1[2f221a18eb86380369570b2ed147d8b4] 1
2021-07-26 03:09:24.978	[34mINFO[0m	gorm@v1.9.16/main.go:884	sqlC:/Env/GoPath/src/cloud_call_back/internal/data/callback_log.go:24904µsINSERT INTO `callback_log` (`created_at`,`updated_at`,`deleted_at`,`callback_id`,`ip`,`msg_body`) VALUES (?,?,?,?,?,?)[2021-07-26 03:09:24.9776727 +0800 CST m=+766.408482201 2021-07-26 03:09:24.9776727 +0800 CST m=+766.408482201 <nil> 2f221a18eb86380369570b2ed147d8b4 127.0.0.1 <doc>
  <object>
    <action>auto action</action>
    <app_id>appdRx8JicQ9960</app_id>
    <message_id>111111</message_id>
    <retry_times>0</retry_times>
    <type>type1</type>
  </object>
</doc>] 1
2021-07-26 03:09:52.407	[34mINFO[0m	gorm@v1.9.16/main.go:884	sqlC:/Env/GoPath/src/cloud_call_back/internal/data/callback_info.go:29765.9µsSELECT * FROM `callback_info`  WHERE `callback_info`.`deleted_at` IS NULL AND ((callback_id = ?)) ORDER BY `callback_info`.`id` ASC LIMIT 1[2f221a18eb86380369570b2ed147d8b4] 1
2021-07-26 03:09:52.409	[34mINFO[0m	gorm@v1.9.16/main.go:884	sqlC:/Env/GoPath/src/cloud_call_back/internal/data/callback_log.go:24739.5µsINSERT INTO `callback_log` (`created_at`,`updated_at`,`deleted_at`,`callback_id`,`ip`,`msg_body`) VALUES (?,?,?,?,?,?)[2021-07-26 03:09:52.4081818 +0800 CST m=+793.838991401 2021-07-26 03:09:52.4081818 +0800 CST m=+793.838991401 <nil> 2f221a18eb86380369570b2ed147d8b4 127.0.0.1 <doc>
  <object>
    <action>auto action</action>
    <app_id>appdRx8JicQ9960</app_id>
    <message_id>111111</message_id>
    <retry_times>0</retry_times>
    <type>type1</type>
  </object>
</doc>] 1
2021-07-26 03:10:11.153	[34mINFO[0m	gorm@v1.9.16/main.go:884	sqlC:/Env/GoPath/src/cloud_call_back/internal/data/callback_info.go:291.1484msSELECT * FROM `callback_info`  WHERE `callback_info`.`deleted_at` IS NULL AND ((callback_id = ?)) ORDER BY `callback_info`.`id` ASC LIMIT 1[2f221a18eb86380369570b2ed147d8b4] 1
2021-07-26 03:10:11.155	[34mINFO[0m	gorm@v1.9.16/main.go:884	sqlC:/Env/GoPath/src/cloud_call_back/internal/data/callback_log.go:24496.2µsINSERT INTO `callback_log` (`created_at`,`updated_at`,`deleted_at`,`callback_id`,`ip`,`msg_body`) VALUES (?,?,?,?,?,?)[2021-07-26 03:10:11.1545275 +0800 CST m=+812.585337001 2021-07-26 03:10:11.1545275 +0800 CST m=+812.585337001 <nil> 2f221a18eb86380369570b2ed147d8b4 127.0.0.1 <doc>
  <object>
    <action>auto action</action>
    <app_id>appdRx8JicQ9960</app_id>
    <message_id>111111</message_id>
    <retry_times>0</retry_times>
    <type>type1</type>
  </object>
</doc>] 1
2021-07-26 03:10:26.780	[34mINFO[0m	gorm@v1.9.16/main.go:884	sqlC:/Env/GoPath/src/cloud_call_back/internal/data/callback_info.go:29676.4µsSELECT * FROM `callback_info`  WHERE `callback_info`.`deleted_at` IS NULL AND ((callback_id = ?)) ORDER BY `callback_info`.`id` ASC LIMIT 1[2f221a18eb86380369570b2ed147d8b4] 1
2021-07-26 03:10:26.781	[34mINFO[0m	gorm@v1.9.16/main.go:884	sqlC:/Env/GoPath/src/cloud_call_back/internal/data/callback_log.go:24530.5µsINSERT INTO `callback_log` (`created_at`,`updated_at`,`deleted_at`,`callback_id`,`ip`,`msg_body`) VALUES (?,?,?,?,?,?)[2021-07-26 03:10:26.7812253 +0800 CST m=+828.212034801 2021-07-26 03:10:26.7812253 +0800 CST m=+828.212034801 <nil> 2f221a18eb86380369570b2ed147d8b4 127.0.0.1 <doc>
  <object>
    <action>auto action</action>
    <app_id>appdRx8JicQ9960</app_id>
    <message_id>111111</message_id>
    <retry_times>0</retry_times>
    <type>type1</type>
  </object>
</doc>] 1
2021-07-26 03:11:10.935	[34mINFO[0m	gorm@v1.9.16/main.go:884	sqlC:/Env/GoPath/src/cloud_call_back/internal/data/callback_info.go:29954.1µsSELECT * FROM `callback_info`  WHERE `callback_info`.`deleted_at` IS NULL AND ((callback_id = ?)) ORDER BY `callback_info`.`id` ASC LIMIT 1[2f221a18eb86380369570b2ed147d8b4] 1
2021-07-26 03:11:10.936	[34mINFO[0m	gorm@v1.9.16/main.go:884	sqlC:/Env/GoPath/src/cloud_call_back/internal/data/callback_log.go:24551.1µsINSERT INTO `callback_log` (`created_at`,`updated_at`,`deleted_at`,`callback_id`,`ip`,`msg_body`) VALUES (?,?,?,?,?,?)[2021-07-26 03:11:10.9360255 +0800 CST m=+872.366834901 2021-07-26 03:11:10.9360255 +0800 CST m=+872.366834901 <nil> 2f221a18eb86380369570b2ed147d8b4 127.0.0.1 <doc>
  <object>
    <action>auto action</action>
    <app_id>appdRx8JicQ9960</app_id>
    <message_id>111111</message_id>
    <retry_times>0</retry_times>
    <type>type1</type>
  </object>
</doc>] 1
2021-07-26 03:11:25.749	[34mINFO[0m	gorm@v1.9.16/main.go:884	sqlC:/Env/GoPath/src/cloud_call_back/internal/data/callback_info.go:29887.1µsSELECT * FROM `callback_info`  WHERE `callback_info`.`deleted_at` IS NULL AND ((callback_id = ?)) ORDER BY `callback_info`.`id` ASC LIMIT 1[2f221a18eb86380369570b2ed147d8b4] 1
2021-07-26 03:11:25.750	[34mINFO[0m	gorm@v1.9.16/main.go:884	sqlC:/Env/GoPath/src/cloud_call_back/internal/data/callback_log.go:24533.7µsINSERT INTO `callback_log` (`created_at`,`updated_at`,`deleted_at`,`callback_id`,`ip`,`msg_body`) VALUES (?,?,?,?,?,?)[2021-07-26 03:11:25.749988 +0800 CST m=+887.180797501 2021-07-26 03:11:25.749988 +0800 CST m=+887.180797501 <nil> 2f221a18eb86380369570b2ed147d8b4 127.0.0.1 <doc>
  <object>
    <action>auto action</action>
    <app_id>appdRx8JicQ9960</app_id>
    <message_id>111111</message_id>
    <retry_times>0</retry_times>
    <type>type1</type>
  </object>
</doc>] 1
2021-07-26 03:11:39.516	[34mINFO[0m	gorm@v1.9.16/main.go:884	sqlC:/Env/GoPath/src/cloud_call_back/internal/data/callback_info.go:29779.4µsSELECT * FROM `callback_info`  WHERE `callback_info`.`deleted_at` IS NULL AND ((callback_id = ?)) ORDER BY `callback_info`.`id` ASC LIMIT 1[2f221a18eb86380369570b2ed147d8b4] 1
2021-07-26 03:11:39.518	[34mINFO[0m	gorm@v1.9.16/main.go:884	sqlC:/Env/GoPath/src/cloud_call_back/internal/data/callback_log.go:24474.6µsINSERT INTO `callback_log` (`created_at`,`updated_at`,`deleted_at`,`callback_id`,`ip`,`msg_body`) VALUES (?,?,?,?,?,?)[2021-07-26 03:11:39.5175112 +0800 CST m=+900.948320701 2021-07-26 03:11:39.5175112 +0800 CST m=+900.948320701 <nil> 2f221a18eb86380369570b2ed147d8b4 127.0.0.1 <doc>
  <object>
    <action>auto action</action>
    <app_id>appdRx8JicQ9960</app_id>
    <message_id>111111</message_id>
    <retry_times>0</retry_times>
    <type>type1</type>
  </object>
</doc>] 1
2021-07-26 03:13:59.665	[34mINFO[0m	gorm@v1.9.16/main.go:884	sqlC:/Env/GoPath/src/cloud_call_back/internal/data/callback_info.go:29806µsSELECT * FROM `callback_info`  WHERE `callback_info`.`deleted_at` IS NULL AND ((callback_id = ?)) ORDER BY `callback_info`.`id` ASC LIMIT 1[2f221a18eb86380369570b2ed147d8b4] 1
2021-07-26 03:13:59.666	[34mINFO[0m	gorm@v1.9.16/main.go:884	sqlC:/Env/GoPath/src/cloud_call_back/internal/data/callback_log.go:24531.8µsINSERT INTO `callback_log` (`created_at`,`updated_at`,`deleted_at`,`callback_id`,`ip`,`msg_body`) VALUES (?,?,?,?,?,?)[2021-07-26 03:13:59.6663167 +0800 CST m=+1041.097126201 2021-07-26 03:13:59.6663167 +0800 CST m=+1041.097126201 <nil> 2f221a18eb86380369570b2ed147d8b4 127.0.0.1 <doc>
  <object>
    <action>auto action</action>
    <app_id>appdRx8JicQ9960</app_id>
    <message_id>111111</message_id>
    <retry_times>0</retry_times>
    <type>type1</type>
  </object>
</doc>] 1
2021-07-26 03:14:57.946	[34mINFO[0m	gorm@v1.9.16/main.go:884	sqlC:/Env/GoPath/src/cloud_call_back/internal/data/callback_info.go:29910.7µsSELECT * FROM `callback_info`  WHERE `callback_info`.`deleted_at` IS NULL AND ((callback_id = ?)) ORDER BY `callback_info`.`id` ASC LIMIT 1[2f221a18eb86380369570b2ed147d8b4] 1
2021-07-26 03:14:57.947	[34mINFO[0m	gorm@v1.9.16/main.go:884	sqlC:/Env/GoPath/src/cloud_call_back/internal/data/callback_log.go:24661.3µsINSERT INTO `callback_log` (`created_at`,`updated_at`,`deleted_at`,`callback_id`,`ip`,`msg_body`) VALUES (?,?,?,?,?,?)[2021-07-26 03:14:57.9467763 +0800 CST m=+1099.377585801 2021-07-26 03:14:57.9467763 +0800 CST m=+1099.377585801 <nil> 2f221a18eb86380369570b2ed147d8b4 127.0.0.1 <doc>
  <object>
    <action>auto action</action>
    <app_id>appdRx8JicQ9960</app_id>
    <message_id>111111</message_id>
    <retry_times>0</retry_times>
    <type>type1</type>
  </object>
</doc>] 1
2021-07-26 03:17:01.044	[34mINFO[0m	app/app.go:54	server start	{"name": "cloud_callback"}
2021-07-26 03:17:06.164	[34mINFO[0m	gorm@v1.9.16/main.go:884	sqlC:/Env/GoPath/src/cloud_call_back/internal/data/callback_info.go:291.37msSELECT * FROM `callback_info`  WHERE `callback_info`.`deleted_at` IS NULL AND ((callback_id = ?)) ORDER BY `callback_info`.`id` ASC LIMIT 1[22222] 0
2021-07-26 03:17:06.164	[31mERROR[0m	callback/api_router.go:70	Callback-->QueryInfoByCallbackId	{"error": "record not found"}
2021-07-26 03:19:20.822	[34mINFO[0m	app/app.go:54	server start	{"name": "cloud_callback"}
2021-07-26 03:19:28.183	[34mINFO[0m	gorm@v1.9.16/main.go:884	sqlC:/Env/GoPath/src/cloud_call_back/internal/data/callback_info.go:29972.5µsSELECT * FROM `callback_info`  WHERE `callback_info`.`deleted_at` IS NULL AND ((callback_id = ?)) ORDER BY `callback_info`.`id` ASC LIMIT 1[22222] 0
2021-07-26 03:19:28.184	[31mERROR[0m	callback/api_router.go:70	Callback-->QueryInfoByCallbackId	{"error": "record not found"}
2021-07-26 03:19:53.273	[34mINFO[0m	gorm@v1.9.16/main.go:884	sqlC:/Env/GoPath/src/cloud_call_back/internal/data/callback_info.go:29846.1µsSELECT * FROM `callback_info`  WHERE `callback_info`.`deleted_at` IS NULL AND ((callback_id = ?)) ORDER BY `callback_info`.`id` ASC LIMIT 1[2f221a18eb86380369570b2ed147d8b4] 1
2021-07-26 03:19:53.277	[34mINFO[0m	gorm@v1.9.16/main.go:884	sqlC:/Env/GoPath/src/cloud_call_back/internal/data/callback_log.go:24906.6µsINSERT INTO `callback_log` (`created_at`,`updated_at`,`deleted_at`,`callback_id`,`ip`,`msg_body`) VALUES (?,?,?,?,?,?)[2021-07-26 03:19:53.2762544 +0800 CST m=+32.804068101 2021-07-26 03:19:53.2762544 +0800 CST m=+32.804068101 <nil> 2f221a18eb86380369570b2ed147d8b4 127.0.0.1 <doc>
  <object>
    <action>auto action</action>
    <app_id>appdRx8JicQ9960</app_id>
    <message_id>111111</message_id>
    <retry_times>0</retry_times>
    <type>type1</type>
  </object>
</doc>] 1
